[0.177s] DEBUG:colcon:Command line arguments: ['/usr/bin/colcon', 'build', '--packages-select', 'interaction_execution']
[0.177s] DEBUG:colcon:Parsed command line arguments: Namespace(log_base=None, log_level=None, verb_name='build', build_base='build', install_base='install', merge_install=False, symlink_install=False, test_result_base=None, continue_on_error=False, executor='parallel', parallel_workers=2, event_handlers=None, ignore_user_meta=False, metas=['./colcon.meta'], base_paths=['.'], packages_ignore=None, packages_ignore_regex=None, paths=None, packages_up_to=None, packages_up_to_regex=None, packages_above=None, packages_above_and_dependencies=None, packages_above_depth=None, packages_select_by_dep=None, packages_skip_by_dep=None, packages_skip_up_to=None, packages_select_build_failed=False, packages_skip_build_finished=False, packages_select_test_failures=False, packages_skip_test_passed=False, packages_select=['interaction_execution'], packages_skip=None, packages_select_regex=None, packages_skip_regex=None, packages_start=None, packages_end=None, allow_overriding=[], cmake_args=None, cmake_target=None, cmake_target_skip_unavailable=False, cmake_clean_cache=False, cmake_clean_first=False, cmake_force_configure=False, ament_cmake_args=None, catkin_cmake_args=None, catkin_skip_building_tests=False, mixin_files=None, mixin=None, verb_parser=<colcon_mixin.mixin.mixin_argument.MixinArgumentDecorator object at 0x748705036d70>, verb_extension=<colcon_core.verb.build.BuildVerb object at 0x74870512fe20>, main=<bound method BuildVerb.main of <colcon_core.verb.build.BuildVerb object at 0x74870512fe20>>, mixin_verb=('build',))
[0.506s] Level 1:colcon.colcon_core.package_discovery:discover_packages(colcon_meta) check parameters
[0.506s] Level 1:colcon.colcon_core.package_discovery:discover_packages(recursive) check parameters
[0.506s] Level 1:colcon.colcon_core.package_discovery:discover_packages(ignore) check parameters
[0.506s] Level 1:colcon.colcon_core.package_discovery:discover_packages(path) check parameters
[0.506s] Level 1:colcon.colcon_core.package_discovery:discover_packages(colcon_meta) discover
[0.506s] Level 1:colcon.colcon_core.package_discovery:discover_packages(recursive) discover
[0.506s] INFO:colcon.colcon_core.package_discovery:Crawling recursively for packages in '/home/saikat/rs2-stackbot'
[0.507s] Level 1:colcon.colcon_core.package_identification:_identify(.) by extensions ['ignore', 'ignore_ament_install']
[0.507s] Level 1:colcon.colcon_core.package_identification:_identify(.) by extension 'ignore'
[0.507s] Level 1:colcon.colcon_core.package_identification:_identify(.) by extension 'ignore_ament_install'
[0.507s] Level 1:colcon.colcon_core.package_identification:_identify(.) by extensions ['colcon_pkg']
[0.507s] Level 1:colcon.colcon_core.package_identification:_identify(.) by extension 'colcon_pkg'
[0.507s] Level 1:colcon.colcon_core.package_identification:_identify(.) by extensions ['colcon_meta']
[0.507s] Level 1:colcon.colcon_core.package_identification:_identify(.) by extension 'colcon_meta'
[0.507s] Level 1:colcon.colcon_core.package_identification:_identify(.) by extensions ['ros']
[0.507s] Level 1:colcon.colcon_core.package_identification:_identify(.) by extension 'ros'
[0.530s] Level 1:colcon.colcon_core.package_identification:_identify(.) by extensions ['cmake', 'python']
[0.530s] Level 1:colcon.colcon_core.package_identification:_identify(.) by extension 'cmake'
[0.531s] Level 1:colcon.colcon_core.package_identification:_identify(.) by extension 'python'
[0.531s] Level 1:colcon.colcon_core.package_identification:_identify(.) by extensions ['python_setup_py']
[0.531s] Level 1:colcon.colcon_core.package_identification:_identify(.) by extension 'python_setup_py'
[0.531s] Level 1:colcon.colcon_core.package_identification:_identify(build) by extensions ['ignore', 'ignore_ament_install']
[0.531s] Level 1:colcon.colcon_core.package_identification:_identify(build) by extension 'ignore'
[0.531s] Level 1:colcon.colcon_core.package_identification:_identify(build) ignored
[0.532s] Level 1:colcon.colcon_core.package_identification:_identify(install) by extensions ['ignore', 'ignore_ament_install']
[0.532s] Level 1:colcon.colcon_core.package_identification:_identify(install) by extension 'ignore'
[0.532s] Level 1:colcon.colcon_core.package_identification:_identify(install) ignored
[0.532s] Level 1:colcon.colcon_core.package_identification:_identify(log) by extensions ['ignore', 'ignore_ament_install']
[0.532s] Level 1:colcon.colcon_core.package_identification:_identify(log) by extension 'ignore'
[0.532s] Level 1:colcon.colcon_core.package_identification:_identify(log) ignored
[0.532s] Level 1:colcon.colcon_core.package_identification:_identify(src) by extensions ['ignore', 'ignore_ament_install']
[0.532s] Level 1:colcon.colcon_core.package_identification:_identify(src) by extension 'ignore'
[0.533s] Level 1:colcon.colcon_core.package_identification:_identify(src) by extension 'ignore_ament_install'
[0.533s] Level 1:colcon.colcon_core.package_identification:_identify(src) by extensions ['colcon_pkg']
[0.533s] Level 1:colcon.colcon_core.package_identification:_identify(src) by extension 'colcon_pkg'
[0.533s] Level 1:colcon.colcon_core.package_identification:_identify(src) by extensions ['colcon_meta']
[0.533s] Level 1:colcon.colcon_core.package_identification:_identify(src) by extension 'colcon_meta'
[0.533s] Level 1:colcon.colcon_core.package_identification:_identify(src) by extensions ['ros']
[0.533s] Level 1:colcon.colcon_core.package_identification:_identify(src) by extension 'ros'
[0.533s] Level 1:colcon.colcon_core.package_identification:_identify(src) by extensions ['cmake', 'python']
[0.533s] Level 1:colcon.colcon_core.package_identification:_identify(src) by extension 'cmake'
[0.533s] Level 1:colcon.colcon_core.package_identification:_identify(src) by extension 'python'
[0.533s] Level 1:colcon.colcon_core.package_identification:_identify(src) by extensions ['python_setup_py']
[0.534s] Level 1:colcon.colcon_core.package_identification:_identify(src) by extension 'python_setup_py'
[0.534s] Level 1:colcon.colcon_core.package_identification:_identify(src/interaction_execution) by extensions ['ignore', 'ignore_ament_install']
[0.534s] Level 1:colcon.colcon_core.package_identification:_identify(src/interaction_execution) by extension 'ignore'
[0.534s] Level 1:colcon.colcon_core.package_identification:_identify(src/interaction_execution) by extension 'ignore_ament_install'
[0.534s] Level 1:colcon.colcon_core.package_identification:_identify(src/interaction_execution) by extensions ['colcon_pkg']
[0.535s] Level 1:colcon.colcon_core.package_identification:_identify(src/interaction_execution) by extension 'colcon_pkg'
[0.535s] Level 1:colcon.colcon_core.package_identification:_identify(src/interaction_execution) by extensions ['colcon_meta']
[0.535s] Level 1:colcon.colcon_core.package_identification:_identify(src/interaction_execution) by extension 'colcon_meta'
[0.535s] Level 1:colcon.colcon_core.package_identification:_identify(src/interaction_execution) by extensions ['ros']
[0.535s] Level 1:colcon.colcon_core.package_identification:_identify(src/interaction_execution) by extension 'ros'
[0.535s] Level 1:colcon.colcon_core.package_identification:_identify(src/interaction_execution) by extensions ['cmake', 'python']
[0.535s] Level 1:colcon.colcon_core.package_identification:_identify(src/interaction_execution) by extension 'cmake'
[0.535s] Level 1:colcon.colcon_core.package_identification:_identify(src/interaction_execution) by extension 'python'
[0.535s] Level 1:colcon.colcon_core.package_identification:_identify(src/interaction_execution) by extensions ['python_setup_py']
[0.535s] Level 1:colcon.colcon_core.package_identification:_identify(src/interaction_execution) by extension 'python_setup_py'
[0.536s] Level 1:colcon.colcon_core.package_identification:_identify(src/interaction_execution/config) by extensions ['ignore', 'ignore_ament_install']
[0.536s] Level 1:colcon.colcon_core.package_identification:_identify(src/interaction_execution/config) by extension 'ignore'
[0.536s] Level 1:colcon.colcon_core.package_identification:_identify(src/interaction_execution/config) by extension 'ignore_ament_install'
[0.536s] Level 1:colcon.colcon_core.package_identification:_identify(src/interaction_execution/config) by extensions ['colcon_pkg']
[0.536s] Level 1:colcon.colcon_core.package_identification:_identify(src/interaction_execution/config) by extension 'colcon_pkg'
[0.536s] Level 1:colcon.colcon_core.package_identification:_identify(src/interaction_execution/config) by extensions ['colcon_meta']
[0.536s] Level 1:colcon.colcon_core.package_identification:_identify(src/interaction_execution/config) by extension 'colcon_meta'
[0.536s] Level 1:colcon.colcon_core.package_identification:_identify(src/interaction_execution/config) by extensions ['ros']
[0.536s] Level 1:colcon.colcon_core.package_identification:_identify(src/interaction_execution/config) by extension 'ros'
[0.537s] Level 1:colcon.colcon_core.package_identification:_identify(src/interaction_execution/config) by extensions ['cmake', 'python']
[0.537s] Level 1:colcon.colcon_core.package_identification:_identify(src/interaction_execution/config) by extension 'cmake'
[0.537s] Level 1:colcon.colcon_core.package_identification:_identify(src/interaction_execution/config) by extension 'python'
[0.537s] Level 1:colcon.colcon_core.package_identification:_identify(src/interaction_execution/config) by extensions ['python_setup_py']
[0.537s] Level 1:colcon.colcon_core.package_identification:_identify(src/interaction_execution/config) by extension 'python_setup_py'
[0.537s] Level 1:colcon.colcon_core.package_identification:_identify(src/interaction_execution/docs) by extensions ['ignore', 'ignore_ament_install']
[0.537s] Level 1:colcon.colcon_core.package_identification:_identify(src/interaction_execution/docs) by extension 'ignore'
[0.537s] Level 1:colcon.colcon_core.package_identification:_identify(src/interaction_execution/docs) by extension 'ignore_ament_install'
[0.538s] Level 1:colcon.colcon_core.package_identification:_identify(src/interaction_execution/docs) by extensions ['colcon_pkg']
[0.538s] Level 1:colcon.colcon_core.package_identification:_identify(src/interaction_execution/docs) by extension 'colcon_pkg'
[0.538s] Level 1:colcon.colcon_core.package_identification:_identify(src/interaction_execution/docs) by extensions ['colcon_meta']
[0.538s] Level 1:colcon.colcon_core.package_identification:_identify(src/interaction_execution/docs) by extension 'colcon_meta'
[0.538s] Level 1:colcon.colcon_core.package_identification:_identify(src/interaction_execution/docs) by extensions ['ros']
[0.538s] Level 1:colcon.colcon_core.package_identification:_identify(src/interaction_execution/docs) by extension 'ros'
[0.538s] Level 1:colcon.colcon_core.package_identification:_identify(src/interaction_execution/docs) by extensions ['cmake', 'python']
[0.538s] Level 1:colcon.colcon_core.package_identification:_identify(src/interaction_execution/docs) by extension 'cmake'
[0.538s] Level 1:colcon.colcon_core.package_identification:_identify(src/interaction_execution/docs) by extension 'python'
[0.538s] Level 1:colcon.colcon_core.package_identification:_identify(src/interaction_execution/docs) by extensions ['python_setup_py']
[0.538s] Level 1:colcon.colcon_core.package_identification:_identify(src/interaction_execution/docs) by extension 'python_setup_py'
[0.538s] Level 1:colcon.colcon_core.package_identification:_identify(src/interaction_execution/interaction_execution) by extensions ['ignore', 'ignore_ament_install']
[0.539s] Level 1:colcon.colcon_core.package_identification:_identify(src/interaction_execution/interaction_execution) by extension 'ignore'
[0.539s] Level 1:colcon.colcon_core.package_identification:_identify(src/interaction_execution/interaction_execution) by extension 'ignore_ament_install'
[0.539s] Level 1:colcon.colcon_core.package_identification:_identify(src/interaction_execution/interaction_execution) by extensions ['colcon_pkg']
[0.539s] Level 1:colcon.colcon_core.package_identification:_identify(src/interaction_execution/interaction_execution) by extension 'colcon_pkg'
[0.539s] Level 1:colcon.colcon_core.package_identification:_identify(src/interaction_execution/interaction_execution) by extensions ['colcon_meta']
[0.539s] Level 1:colcon.colcon_core.package_identification:_identify(src/interaction_execution/interaction_execution) by extension 'colcon_meta'
[0.539s] Level 1:colcon.colcon_core.package_identification:_identify(src/interaction_execution/interaction_execution) by extensions ['ros']
[0.539s] Level 1:colcon.colcon_core.package_identification:_identify(src/interaction_execution/interaction_execution) by extension 'ros'
[0.543s] DEBUG:colcon.colcon_core.package_identification:Package 'src/interaction_execution/interaction_execution' with type 'ros.ament_cmake' and name 'interaction_execution'
[0.543s] Level 1:colcon.colcon_core.package_identification:_identify(src/interaction_execution/launch) by extensions ['ignore', 'ignore_ament_install']
[0.543s] Level 1:colcon.colcon_core.package_identification:_identify(src/interaction_execution/launch) by extension 'ignore'
[0.543s] Level 1:colcon.colcon_core.package_identification:_identify(src/interaction_execution/launch) by extension 'ignore_ament_install'
[0.543s] Level 1:colcon.colcon_core.package_identification:_identify(src/interaction_execution/launch) by extensions ['colcon_pkg']
[0.543s] Level 1:colcon.colcon_core.package_identification:_identify(src/interaction_execution/launch) by extension 'colcon_pkg'
[0.543s] Level 1:colcon.colcon_core.package_identification:_identify(src/interaction_execution/launch) by extensions ['colcon_meta']
[0.544s] Level 1:colcon.colcon_core.package_identification:_identify(src/interaction_execution/launch) by extension 'colcon_meta'
[0.544s] Level 1:colcon.colcon_core.package_identification:_identify(src/interaction_execution/launch) by extensions ['ros']
[0.544s] Level 1:colcon.colcon_core.package_identification:_identify(src/interaction_execution/launch) by extension 'ros'
[0.544s] Level 1:colcon.colcon_core.package_identification:_identify(src/interaction_execution/launch) by extensions ['cmake', 'python']
[0.544s] Level 1:colcon.colcon_core.package_identification:_identify(src/interaction_execution/launch) by extension 'cmake'
[0.544s] Level 1:colcon.colcon_core.package_identification:_identify(src/interaction_execution/launch) by extension 'python'
[0.544s] Level 1:colcon.colcon_core.package_identification:_identify(src/interaction_execution/launch) by extensions ['python_setup_py']
[0.544s] Level 1:colcon.colcon_core.package_identification:_identify(src/interaction_execution/launch) by extension 'python_setup_py'
[0.544s] Level 1:colcon.colcon_core.package_identification:_identify(src/interaction_execution/scripts) by extensions ['ignore', 'ignore_ament_install']
[0.544s] Level 1:colcon.colcon_core.package_identification:_identify(src/interaction_execution/scripts) by extension 'ignore'
[0.544s] Level 1:colcon.colcon_core.package_identification:_identify(src/interaction_execution/scripts) by extension 'ignore_ament_install'
[0.544s] Level 1:colcon.colcon_core.package_identification:_identify(src/interaction_execution/scripts) by extensions ['colcon_pkg']
[0.544s] Level 1:colcon.colcon_core.package_identification:_identify(src/interaction_execution/scripts) by extension 'colcon_pkg'
[0.544s] Level 1:colcon.colcon_core.package_identification:_identify(src/interaction_execution/scripts) by extensions ['colcon_meta']
[0.544s] Level 1:colcon.colcon_core.package_identification:_identify(src/interaction_execution/scripts) by extension 'colcon_meta'
[0.545s] Level 1:colcon.colcon_core.package_identification:_identify(src/interaction_execution/scripts) by extensions ['ros']
[0.545s] Level 1:colcon.colcon_core.package_identification:_identify(src/interaction_execution/scripts) by extension 'ros'
[0.545s] Level 1:colcon.colcon_core.package_identification:_identify(src/interaction_execution/scripts) by extensions ['cmake', 'python']
[0.545s] Level 1:colcon.colcon_core.package_identification:_identify(src/interaction_execution/scripts) by extension 'cmake'
[0.545s] Level 1:colcon.colcon_core.package_identification:_identify(src/interaction_execution/scripts) by extension 'python'
[0.545s] Level 1:colcon.colcon_core.package_identification:_identify(src/interaction_execution/scripts) by extensions ['python_setup_py']
[0.545s] Level 1:colcon.colcon_core.package_identification:_identify(src/interaction_execution/scripts) by extension 'python_setup_py'
[0.545s] Level 1:colcon.colcon_core.package_discovery:discover_packages(recursive) using defaults
[0.545s] Level 1:colcon.colcon_core.package_discovery:discover_packages(ignore) discover
[0.545s] Level 1:colcon.colcon_core.package_discovery:discover_packages(ignore) using defaults
[0.545s] Level 1:colcon.colcon_core.package_discovery:discover_packages(path) discover
[0.545s] Level 1:colcon.colcon_core.package_discovery:discover_packages(path) using defaults
[0.594s] Level 1:colcon.colcon_core.package_discovery:discover_packages(prefix_path) check parameters
[0.594s] Level 1:colcon.colcon_core.package_discovery:discover_packages(prefix_path) discover
[0.599s] DEBUG:colcon.colcon_installed_package_information.package_discovery:Found 1 installed packages in /home/saikat/rs2-stackbot/install
[0.600s] DEBUG:colcon.colcon_installed_package_information.package_discovery:Found 7 installed packages in /home/saikat/ros2_ws/install
[0.604s] DEBUG:colcon.colcon_installed_package_information.package_discovery:Found 353 installed packages in /opt/ros/humble
[0.606s] Level 1:colcon.colcon_core.package_discovery:discover_packages(prefix_path) using defaults
[0.684s] Level 5:colcon.colcon_core.verb:set package 'interaction_execution' build argument 'cmake_args' from command line to 'None'
[0.684s] Level 5:colcon.colcon_core.verb:set package 'interaction_execution' build argument 'cmake_target' from command line to 'None'
[0.685s] Level 5:colcon.colcon_core.verb:set package 'interaction_execution' build argument 'cmake_target_skip_unavailable' from command line to 'False'
[0.685s] Level 5:colcon.colcon_core.verb:set package 'interaction_execution' build argument 'cmake_clean_cache' from command line to 'False'
[0.685s] Level 5:colcon.colcon_core.verb:set package 'interaction_execution' build argument 'cmake_clean_first' from command line to 'False'
[0.685s] Level 5:colcon.colcon_core.verb:set package 'interaction_execution' build argument 'cmake_force_configure' from command line to 'False'
[0.685s] Level 5:colcon.colcon_core.verb:set package 'interaction_execution' build argument 'ament_cmake_args' from command line to 'None'
[0.685s] Level 5:colcon.colcon_core.verb:set package 'interaction_execution' build argument 'catkin_cmake_args' from command line to 'None'
[0.685s] Level 5:colcon.colcon_core.verb:set package 'interaction_execution' build argument 'catkin_skip_building_tests' from command line to 'False'
[0.685s] DEBUG:colcon.colcon_core.verb:Building package 'interaction_execution' with the following arguments: {'ament_cmake_args': None, 'build_base': '/home/saikat/rs2-stackbot/build/interaction_execution', 'catkin_cmake_args': None, 'catkin_skip_building_tests': False, 'cmake_args': None, 'cmake_clean_cache': False, 'cmake_clean_first': False, 'cmake_force_configure': False, 'cmake_target': None, 'cmake_target_skip_unavailable': False, 'install_base': '/home/saikat/rs2-stackbot/install/interaction_execution', 'merge_install': False, 'path': '/home/saikat/rs2-stackbot/src/interaction_execution/interaction_execution', 'symlink_install': False, 'test_result_base': None}
[0.685s] INFO:colcon.colcon_core.executor:Executing jobs using 'parallel' executor
[0.687s] DEBUG:colcon.colcon_parallel_executor.executor.parallel:run_until_complete
[0.687s] INFO:colcon.colcon_ros.task.ament_cmake.build:Building ROS package in '/home/saikat/rs2-stackbot/src/interaction_execution/interaction_execution' with build type 'ament_cmake'
[0.688s] INFO:colcon.colcon_cmake.task.cmake.build:Building CMake package in '/home/saikat/rs2-stackbot/src/interaction_execution/interaction_execution'
[0.691s] INFO:colcon.colcon_core.plugin_system:Skipping extension 'colcon_core.shell.bat': Not used on non-Windows systems
[0.692s] INFO:colcon.colcon_core.shell:Skip shell extension 'powershell' for command environment: Not usable outside of PowerShell
[0.692s] DEBUG:colcon.colcon_core.shell:Skip shell extension 'dsv' for command environment
[0.715s] DEBUG:colcon.colcon_core.event_handler.log_command:Invoking command in '/home/saikat/rs2-stackbot/build/interaction_execution': CMAKE_PREFIX_PATH=${CMAKE_PREFIX_PATH}:/home/saikat/ros2_ws/install/stackbot_execution:/home/saikat/ros2_ws/install/ss2_motion_planning:/opt/ros/humble /usr/bin/cmake --build /home/saikat/rs2-stackbot/build/interaction_execution -- -j2 -l2
[25.829s] DEBUG:colcon.colcon_core.event_handler.log_command:Invoked command in '/home/saikat/rs2-stackbot/build/interaction_execution' returned '0': CMAKE_PREFIX_PATH=${CMAKE_PREFIX_PATH}:/home/saikat/ros2_ws/install/stackbot_execution:/home/saikat/ros2_ws/install/ss2_motion_planning:/opt/ros/humble /usr/bin/cmake --build /home/saikat/rs2-stackbot/build/interaction_execution -- -j2 -l2
[25.859s] DEBUG:colcon.colcon_core.event_handler.log_command:Invoking command in '/home/saikat/rs2-stackbot/build/interaction_execution': CMAKE_PREFIX_PATH=${CMAKE_PREFIX_PATH}:/home/saikat/ros2_ws/install/stackbot_execution:/home/saikat/ros2_ws/install/ss2_motion_planning:/opt/ros/humble /usr/bin/cmake --install /home/saikat/rs2-stackbot/build/interaction_execution
[25.902s] Level 1:colcon.colcon_core.environment:create_environment_scripts_only(interaction_execution)
[25.904s] DEBUG:colcon.colcon_core.event_handler.log_command:Invoked command in '/home/saikat/rs2-stackbot/build/interaction_execution' returned '0': CMAKE_PREFIX_PATH=${CMAKE_PREFIX_PATH}:/home/saikat/ros2_ws/install/stackbot_execution:/home/saikat/ros2_ws/install/ss2_motion_planning:/opt/ros/humble /usr/bin/cmake --install /home/saikat/rs2-stackbot/build/interaction_execution
[25.910s] Level 1:colcon.colcon_core.environment:checking '/home/saikat/rs2-stackbot/install/interaction_execution' for CMake module files
[25.911s] Level 1:colcon.colcon_core.environment:checking '/home/saikat/rs2-stackbot/install/interaction_execution' for CMake config files
[25.911s] Level 1:colcon.colcon_core.shell:create_environment_hook('interaction_execution', 'cmake_prefix_path')
[25.912s] INFO:colcon.colcon_core.shell:Creating environment hook '/home/saikat/rs2-stackbot/install/interaction_execution/share/interaction_execution/hook/cmake_prefix_path.ps1'
[25.913s] INFO:colcon.colcon_core.shell:Creating environment descriptor '/home/saikat/rs2-stackbot/install/interaction_execution/share/interaction_execution/hook/cmake_prefix_path.dsv'
[25.917s] INFO:colcon.colcon_core.shell:Creating environment hook '/home/saikat/rs2-stackbot/install/interaction_execution/share/interaction_execution/hook/cmake_prefix_path.sh'
[25.921s] Level 1:colcon.colcon_core.environment:checking '/home/saikat/rs2-stackbot/install/interaction_execution/lib'
[25.922s] Level 1:colcon.colcon_core.environment:checking '/home/saikat/rs2-stackbot/install/interaction_execution/bin'
[25.922s] Level 1:colcon.colcon_core.environment:checking '/home/saikat/rs2-stackbot/install/interaction_execution/lib/pkgconfig/interaction_execution.pc'
[25.922s] Level 1:colcon.colcon_core.environment:checking '/home/saikat/rs2-stackbot/install/interaction_execution/lib/python3.10/site-packages'
[25.923s] Level 1:colcon.colcon_core.environment:checking '/home/saikat/rs2-stackbot/install/interaction_execution/bin'
[25.923s] INFO:colcon.colcon_core.shell:Creating package script '/home/saikat/rs2-stackbot/install/interaction_execution/share/interaction_execution/package.ps1'
[25.926s] INFO:colcon.colcon_core.shell:Creating package descriptor '/home/saikat/rs2-stackbot/install/interaction_execution/share/interaction_execution/package.dsv'
[25.927s] INFO:colcon.colcon_core.shell:Creating package script '/home/saikat/rs2-stackbot/install/interaction_execution/share/interaction_execution/package.sh'
[25.929s] INFO:colcon.colcon_core.shell:Creating package script '/home/saikat/rs2-stackbot/install/interaction_execution/share/interaction_execution/package.bash'
[25.931s] INFO:colcon.colcon_core.shell:Creating package script '/home/saikat/rs2-stackbot/install/interaction_execution/share/interaction_execution/package.zsh'
[25.933s] Level 1:colcon.colcon_core.environment:create_file_with_runtime_dependencies(/home/saikat/rs2-stackbot/install/interaction_execution/share/colcon-core/packages/interaction_execution)
[25.937s] Level 1:colcon.colcon_core.environment:create_environment_scripts_only(interaction_execution)
[25.937s] Level 1:colcon.colcon_core.environment:checking '/home/saikat/rs2-stackbot/install/interaction_execution' for CMake module files
[25.939s] Level 1:colcon.colcon_core.environment:checking '/home/saikat/rs2-stackbot/install/interaction_execution' for CMake config files
[25.940s] Level 1:colcon.colcon_core.shell:create_environment_hook('interaction_execution', 'cmake_prefix_path')
[25.941s] INFO:colcon.colcon_core.shell:Creating environment hook '/home/saikat/rs2-stackbot/install/interaction_execution/share/interaction_execution/hook/cmake_prefix_path.ps1'
[25.943s] INFO:colcon.colcon_core.shell:Creating environment descriptor '/home/saikat/rs2-stackbot/install/interaction_execution/share/interaction_execution/hook/cmake_prefix_path.dsv'
[25.944s] INFO:colcon.colcon_core.shell:Creating environment hook '/home/saikat/rs2-stackbot/install/interaction_execution/share/interaction_execution/hook/cmake_prefix_path.sh'
[25.947s] Level 1:colcon.colcon_core.environment:checking '/home/saikat/rs2-stackbot/install/interaction_execution/lib'
[25.947s] Level 1:colcon.colcon_core.environment:checking '/home/saikat/rs2-stackbot/install/interaction_execution/bin'
[25.947s] Level 1:colcon.colcon_core.environment:checking '/home/saikat/rs2-stackbot/install/interaction_execution/lib/pkgconfig/interaction_execution.pc'
[25.948s] Level 1:colcon.colcon_core.environment:checking '/home/saikat/rs2-stackbot/install/interaction_execution/lib/python3.10/site-packages'
[25.949s] Level 1:colcon.colcon_core.environment:checking '/home/saikat/rs2-stackbot/install/interaction_execution/bin'
[25.950s] INFO:colcon.colcon_core.shell:Creating package script '/home/saikat/rs2-stackbot/install/interaction_execution/share/interaction_execution/package.ps1'
[25.952s] INFO:colcon.colcon_core.shell:Creating package descriptor '/home/saikat/rs2-stackbot/install/interaction_execution/share/interaction_execution/package.dsv'
[25.953s] INFO:colcon.colcon_core.shell:Creating package script '/home/saikat/rs2-stackbot/install/interaction_execution/share/interaction_execution/package.sh'
[25.955s] INFO:colcon.colcon_core.shell:Creating package script '/home/saikat/rs2-stackbot/install/interaction_execution/share/interaction_execution/package.bash'
[25.956s] INFO:colcon.colcon_core.shell:Creating package script '/home/saikat/rs2-stackbot/install/interaction_execution/share/interaction_execution/package.zsh'
[25.957s] Level 1:colcon.colcon_core.environment:create_file_with_runtime_dependencies(/home/saikat/rs2-stackbot/install/interaction_execution/share/colcon-core/packages/interaction_execution)
[25.959s] DEBUG:colcon.colcon_parallel_executor.executor.parallel:closing loop
[25.959s] DEBUG:colcon.colcon_parallel_executor.executor.parallel:loop closed
[25.960s] DEBUG:colcon.colcon_parallel_executor.executor.parallel:run_until_complete finished with '0'
[25.960s] DEBUG:colcon.colcon_core.event_reactor:joining thread
[25.979s] INFO:colcon.colcon_core.plugin_system:Skipping extension 'colcon_notification.desktop_notification.terminal_notifier': Not used on non-Darwin systems
[25.979s] INFO:colcon.colcon_core.plugin_system:Skipping extension 'colcon_notification.desktop_notification.win32': Not used on non-Windows systems
[25.979s] INFO:colcon.colcon_notification.desktop_notification:Sending desktop notification using 'notify2'
[26.012s] DEBUG:colcon.colcon_core.event_reactor:joined thread
[26.013s] INFO:colcon.colcon_core.shell:Creating prefix script '/home/saikat/rs2-stackbot/install/local_setup.ps1'
[26.015s] INFO:colcon.colcon_core.shell:Creating prefix util module '/home/saikat/rs2-stackbot/install/_local_setup_util_ps1.py'
[26.023s] INFO:colcon.colcon_core.shell:Creating prefix chain script '/home/saikat/rs2-stackbot/install/setup.ps1'
[26.027s] INFO:colcon.colcon_core.shell:Creating prefix script '/home/saikat/rs2-stackbot/install/local_setup.sh'
[26.029s] INFO:colcon.colcon_core.shell:Creating prefix util module '/home/saikat/rs2-stackbot/install/_local_setup_util_sh.py'
[26.031s] INFO:colcon.colcon_core.shell:Creating prefix chain script '/home/saikat/rs2-stackbot/install/setup.sh'
[26.037s] INFO:colcon.colcon_core.shell:Creating prefix script '/home/saikat/rs2-stackbot/install/local_setup.bash'
[26.038s] INFO:colcon.colcon_core.shell:Creating prefix chain script '/home/saikat/rs2-stackbot/install/setup.bash'
[26.041s] INFO:colcon.colcon_core.shell:Creating prefix script '/home/saikat/rs2-stackbot/install/local_setup.zsh'
[26.042s] INFO:colcon.colcon_core.shell:Creating prefix chain script '/home/saikat/rs2-stackbot/install/setup.zsh'
