[0.092s] Invoking command in '/home/saikat/rs2-stackbot/build/interaction_execution': CMAKE_PREFIX_PATH=${CMAKE_PREFIX_PATH}:/home/saikat/ros2_ws/install/stackbot_execution:/home/saikat/ros2_ws/install/ss2_motion_planning:/opt/ros/humble /usr/bin/cmake /home/saikat/rs2-stackbot/src/interaction_execution/interaction_execution -DCMAKE_INSTALL_PREFIX=/home/saikat/rs2-stackbot/install/interaction_execution
[1.509s] -- The C compiler identification is GNU 11.4.0
[2.705s] -- The CXX compiler identification is GNU 11.4.0
[2.920s] -- Detecting C compiler ABI info
[3.323s] -- Detecting C compiler ABI info - done
[3.332s] -- Check for working C compiler: /usr/bin/cc - skipped
[3.333s] -- Detecting C compile features
[3.370s] -- Detecting C compile features - done
[3.399s] -- Detecting CXX compiler ABI info
[3.602s] -- Detecting CXX compiler ABI info - done
[3.613s] -- Check for working CXX compiler: /usr/bin/c++ - skipped
[3.614s] -- Detecting CXX compile features
[3.614s] -- Detecting CXX compile features - done
[3.755s] -- Found ament_cmake: 1.3.14 (/opt/ros/humble/share/ament_cmake/cmake)
[4.299s] -- Found Python3: /usr/bin/python3 (found version "3.10.12") found components: Interpreter 
[4.814s] -- Found rclcpp: 16.0.19 (/opt/ros/humble/share/rclcpp/cmake)
[5.287s] -- Found rosidl_generator_c: 3.1.8 (/opt/ros/humble/share/rosidl_generator_c/cmake)
[5.344s] -- Found rosidl_adapter: 3.1.8 (/opt/ros/humble/share/rosidl_adapter/cmake)
[5.406s] -- Found rosidl_generator_cpp: 3.1.8 (/opt/ros/humble/share/rosidl_generator_cpp/cmake)
[5.553s] -- Using all available rosidl_typesupport_c: rosidl_typesupport_fastrtps_c;rosidl_typesupport_introspection_c
[5.678s] -- Using all available rosidl_typesupport_cpp: rosidl_typesupport_fastrtps_cpp;rosidl_typesupport_introspection_cpp
[5.980s] -- Found rmw_implementation_cmake: 6.1.2 (/opt/ros/humble/share/rmw_implementation_cmake/cmake)
[6.024s] -- Found rmw_fastrtps_cpp: 6.2.10 (/opt/ros/humble/share/rmw_fastrtps_cpp/cmake)
[6.810s] -- Found OpenSSL: /usr/lib/x86_64-linux-gnu/libcrypto.so (found version "3.0.2")  
[6.922s] -- Found FastRTPS: /opt/ros/humble/include  
[6.999s] -- Using RMW implementation 'rmw_fastrtps_cpp' as default
[7.255s] -- Looking for pthread.h
[7.652s] -- Looking for pthread.h - found
[7.653s] -- Performing Test CMAKE_HAVE_LIBC_PTHREAD
[7.805s] -- Performing Test CMAKE_HAVE_LIBC_PTHREAD - Success
[7.807s] -- Found Threads: TRUE  
[8.189s] -- Found geometry_msgs: 4.9.1 (/opt/ros/humble/share/geometry_msgs/cmake)
[8.298s] -- Found ament_lint_auto: 0.12.15 (/opt/ros/humble/share/ament_lint_auto/cmake)
[8.699s] -- Added test 'lint_cmake' to check CMake code style
[8.705s] -- Added test 'xmllint' to check XML markup files
[8.709s] -- Configuring done
[8.716s] -- Generating done
[8.721s] -- Build files have been written to: /home/saikat/rs2-stackbot/build/interaction_execution
[8.746s] Invoked command in '/home/saikat/rs2-stackbot/build/interaction_execution' returned '0': CMAKE_PREFIX_PATH=${CMAKE_PREFIX_PATH}:/home/saikat/ros2_ws/install/stackbot_execution:/home/saikat/ros2_ws/install/ss2_motion_planning:/opt/ros/humble /usr/bin/cmake /home/saikat/rs2-stackbot/src/interaction_execution/interaction_execution -DCMAKE_INSTALL_PREFIX=/home/saikat/rs2-stackbot/install/interaction_execution
[8.747s] Invoking command in '/home/saikat/rs2-stackbot/build/interaction_execution': CMAKE_PREFIX_PATH=${CMAKE_PREFIX_PATH}:/home/saikat/ros2_ws/install/stackbot_execution:/home/saikat/ros2_ws/install/ss2_motion_planning:/opt/ros/humble /usr/bin/cmake --build /home/saikat/rs2-stackbot/build/interaction_execution -- -j2 -l2
[8.818s] Invoked command in '/home/saikat/rs2-stackbot/build/interaction_execution' returned '0': CMAKE_PREFIX_PATH=${CMAKE_PREFIX_PATH}:/home/saikat/ros2_ws/install/stackbot_execution:/home/saikat/ros2_ws/install/ss2_motion_planning:/opt/ros/humble /usr/bin/cmake --build /home/saikat/rs2-stackbot/build/interaction_execution -- -j2 -l2
[8.841s] Invoking command in '/home/saikat/rs2-stackbot/build/interaction_execution': CMAKE_PREFIX_PATH=${CMAKE_PREFIX_PATH}:/home/saikat/ros2_ws/install/stackbot_execution:/home/saikat/ros2_ws/install/ss2_motion_planning:/opt/ros/humble /usr/bin/cmake --install /home/saikat/rs2-stackbot/build/interaction_execution
[8.852s] -- Install configuration: ""
[8.852s] -- Installing: /home/saikat/rs2-stackbot/install/interaction_execution/share/ament_index/resource_index/package_run_dependencies/interaction_execution
[8.853s] -- Installing: /home/saikat/rs2-stackbot/install/interaction_execution/share/ament_index/resource_index/parent_prefix_path/interaction_execution
[8.854s] -- Installing: /home/saikat/rs2-stackbot/install/interaction_execution/share/interaction_execution/environment/ament_prefix_path.sh
[8.854s] -- Installing: /home/saikat/rs2-stackbot/install/interaction_execution/share/interaction_execution/environment/ament_prefix_path.dsv
[8.855s] -- Installing: /home/saikat/rs2-stackbot/install/interaction_execution/share/interaction_execution/environment/path.sh
[8.855s] -- Installing: /home/saikat/rs2-stackbot/install/interaction_execution/share/interaction_execution/environment/path.dsv
[8.855s] -- Installing: /home/saikat/rs2-stackbot/install/interaction_execution/share/interaction_execution/local_setup.bash
[8.855s] -- Installing: /home/saikat/rs2-stackbot/install/interaction_execution/share/interaction_execution/local_setup.sh
[8.855s] -- Installing: /home/saikat/rs2-stackbot/install/interaction_execution/share/interaction_execution/local_setup.zsh
[8.856s] -- Installing: /home/saikat/rs2-stackbot/install/interaction_execution/share/interaction_execution/local_setup.dsv
[8.856s] -- Installing: /home/saikat/rs2-stackbot/install/interaction_execution/share/interaction_execution/package.dsv
[8.856s] -- Installing: /home/saikat/rs2-stackbot/install/interaction_execution/share/ament_index/resource_index/packages/interaction_execution
[8.857s] -- Installing: /home/saikat/rs2-stackbot/install/interaction_execution/share/interaction_execution/cmake/interaction_executionConfig.cmake
[8.857s] -- Installing: /home/saikat/rs2-stackbot/install/interaction_execution/share/interaction_execution/cmake/interaction_executionConfig-version.cmake
[8.857s] -- Installing: /home/saikat/rs2-stackbot/install/interaction_execution/share/interaction_execution/package.xml
[8.861s] Invoked command in '/home/saikat/rs2-stackbot/build/interaction_execution' returned '0': CMAKE_PREFIX_PATH=${CMAKE_PREFIX_PATH}:/home/saikat/ros2_ws/install/stackbot_execution:/home/saikat/ros2_ws/install/ss2_motion_planning:/opt/ros/humble /usr/bin/cmake --install /home/saikat/rs2-stackbot/build/interaction_execution
