[35m[1mConsolidate compiler generated dependencies of target task_manager[0m
[ 50%] [32mBuilding CXX object CMakeFiles/task_manager.dir/src/task_manager.cpp.o[0m
[100%] [32m[1mLinking CXX executable task_manager[0m
[100%] Built target task_manager
-- Install configuration: ""
-- Installing: /home/saikat/rs2-stackbot/install/interaction_execution/lib/interaction_execution/task_manager
-- Set runtime path of "/home/saikat/rs2-stackbot/install/interaction_execution/lib/interaction_execution/task_manager" to ""
-- Up-to-date: /home/saikat/rs2-stackbot/install/interaction_execution/share/ament_index/resource_index/package_run_dependencies/interaction_execution
-- Up-to-date: /home/saikat/rs2-stackbot/install/interaction_execution/share/ament_index/resource_index/parent_prefix_path/interaction_execution
-- Up-to-date: /home/saikat/rs2-stackbot/install/interaction_execution/share/interaction_execution/environment/ament_prefix_path.sh
-- Up-to-date: /home/saikat/rs2-stackbot/install/interaction_execution/share/interaction_execution/environment/ament_prefix_path.dsv
-- Up-to-date: /home/saikat/rs2-stackbot/install/interaction_execution/share/interaction_execution/environment/path.sh
-- Up-to-date: /home/saikat/rs2-stackbot/install/interaction_execution/share/interaction_execution/environment/path.dsv
-- Up-to-date: /home/saikat/rs2-stackbot/install/interaction_execution/share/interaction_execution/local_setup.bash
-- Up-to-date: /home/saikat/rs2-stackbot/install/interaction_execution/share/interaction_execution/local_setup.sh
-- Up-to-date: /home/saikat/rs2-stackbot/install/interaction_execution/share/interaction_execution/local_setup.zsh
-- Up-to-date: /home/saikat/rs2-stackbot/install/interaction_execution/share/interaction_execution/local_setup.dsv
-- Installing: /home/saikat/rs2-stackbot/install/interaction_execution/share/interaction_execution/package.dsv
-- Up-to-date: /home/saikat/rs2-stackbot/install/interaction_execution/share/ament_index/resource_index/packages/interaction_execution
-- Up-to-date: /home/saikat/rs2-stackbot/install/interaction_execution/share/interaction_execution/cmake/interaction_executionConfig.cmake
-- Up-to-date: /home/saikat/rs2-stackbot/install/interaction_execution/share/interaction_execution/cmake/interaction_executionConfig-version.cmake
-- Up-to-date: /home/saikat/rs2-stackbot/install/interaction_execution/share/interaction_execution/package.xml
