[0.023s] Invoking command in '/home/saikat/rs2-stackbot/build/interaction_execution': CMAKE_PREFIX_PATH=${CMAKE_PREFIX_PATH}:/home/saikat/ros2_ws/install/stackbot_execution:/home/saikat/ros2_ws/install/ss2_motion_planning:/opt/ros/humble /usr/bin/cmake --build /home/saikat/rs2-stackbot/build/interaction_execution -- -j2 -l2
[0.105s] [35m[1mConsolidate compiler generated dependencies of target task_manager[0m
[0.145s] [100%] Built target task_manager
[0.172s] Invoked command in '/home/saikat/rs2-stackbot/build/interaction_execution' returned '0': CMAKE_PREFIX_PATH=${CMAKE_PREFIX_PATH}:/home/saikat/ros2_ws/install/stackbot_execution:/home/saikat/ros2_ws/install/ss2_motion_planning:/opt/ros/humble /usr/bin/cmake --build /home/saikat/rs2-stackbot/build/interaction_execution -- -j2 -l2
[0.188s] Invoking command in '/home/saikat/rs2-stackbot/build/interaction_execution': CMAKE_PREFIX_PATH=${CMAKE_PREFIX_PATH}:/home/saikat/ros2_ws/install/stackbot_execution:/home/saikat/ros2_ws/install/ss2_motion_planning:/opt/ros/humble /usr/bin/cmake --install /home/saikat/rs2-stackbot/build/interaction_execution
[0.211s] -- Install configuration: ""
[0.211s] -- Up-to-date: /home/saikat/rs2-stackbot/install/interaction_execution/lib/interaction_execution/task_manager
[0.212s] -- Up-to-date: /home/saikat/rs2-stackbot/install/interaction_execution/share/ament_index/resource_index/package_run_dependencies/interaction_execution
[0.213s] -- Up-to-date: /home/saikat/rs2-stackbot/install/interaction_execution/share/ament_index/resource_index/parent_prefix_path/interaction_execution
[0.213s] -- Up-to-date: /home/saikat/rs2-stackbot/install/interaction_execution/share/interaction_execution/environment/ament_prefix_path.sh
[0.213s] -- Up-to-date: /home/saikat/rs2-stackbot/install/interaction_execution/share/interaction_execution/environment/ament_prefix_path.dsv
[0.213s] -- Up-to-date: /home/saikat/rs2-stackbot/install/interaction_execution/share/interaction_execution/environment/path.sh
[0.213s] -- Up-to-date: /home/saikat/rs2-stackbot/install/interaction_execution/share/interaction_execution/environment/path.dsv
[0.214s] -- Up-to-date: /home/saikat/rs2-stackbot/install/interaction_execution/share/interaction_execution/local_setup.bash
[0.215s] -- Up-to-date: /home/saikat/rs2-stackbot/install/interaction_execution/share/interaction_execution/local_setup.sh
[0.215s] -- Up-to-date: /home/saikat/rs2-stackbot/install/interaction_execution/share/interaction_execution/local_setup.zsh
[0.217s] -- Up-to-date: /home/saikat/rs2-stackbot/install/interaction_execution/share/interaction_execution/local_setup.dsv
[0.217s] -- Installing: /home/saikat/rs2-stackbot/install/interaction_execution/share/interaction_execution/package.dsv
[0.217s] -- Up-to-date: /home/saikat/rs2-stackbot/install/interaction_execution/share/ament_index/resource_index/packages/interaction_execution
[0.218s] -- Up-to-date: /home/saikat/rs2-stackbot/install/interaction_execution/share/interaction_execution/cmake/interaction_executionConfig.cmake
[0.219s] -- Up-to-date: /home/saikat/rs2-stackbot/install/interaction_execution/share/interaction_execution/cmake/interaction_executionConfig-version.cmake
[0.219s] -- Up-to-date: /home/saikat/rs2-stackbot/install/interaction_execution/share/interaction_execution/package.xml
[0.221s] Invoked command in '/home/saikat/rs2-stackbot/build/interaction_execution' returned '0': CMAKE_PREFIX_PATH=${CMAKE_PREFIX_PATH}:/home/saikat/ros2_ws/install/stackbot_execution:/home/saikat/ros2_ws/install/ss2_motion_planning:/opt/ros/humble /usr/bin/cmake --install /home/saikat/rs2-stackbot/build/interaction_execution
