-- Found ament_cmake: 1.3.14 (/opt/ros/humble/share/ament_cmake/cmake)
-- Found rclcpp: 16.0.19 (/opt/ros/humble/share/rclcpp/cmake)
-- Found rosidl_generator_c: 3.1.8 (/opt/ros/humble/share/rosidl_generator_c/cmake)
-- Found rosidl_adapter: 3.1.8 (/opt/ros/humble/share/rosidl_adapter/cmake)
-- Found rosidl_generator_cpp: 3.1.8 (/opt/ros/humble/share/rosidl_generator_cpp/cmake)
-- Using all available rosidl_typesupport_c: rosidl_typesupport_fastrtps_c;rosidl_typesupport_introspection_c
-- Using all available rosidl_typesupport_cpp: rosidl_typesupport_fastrtps_cpp;rosidl_typesupport_introspection_cpp
-- Found rmw_implementation_cmake: 6.1.2 (/opt/ros/humble/share/rmw_implementation_cmake/cmake)
-- Found rmw_fastrtps_cpp: 6.2.10 (/opt/ros/humble/share/rmw_fastrtps_cpp/cmake)
-- Using RMW implementation 'rmw_fastrtps_cpp' as default
-- Found geometry_msgs: 4.9.1 (/opt/ros/humble/share/geometry_msgs/cmake)
-- Found ament_lint_auto: 0.12.15 (/opt/ros/humble/share/ament_lint_auto/cmake)
-- Added test 'cppcheck' to perform static code analysis on C / C++ code
-- Configured cppcheck include dirs: 
-- Configured cppcheck exclude dirs and/or files: 
-- Added test 'lint_cmake' to check CMake code style
-- Added test 'uncrustify' to check C / C++ code style
-- Configured uncrustify additional arguments: 
-- Added test 'xmllint' to check XML markup files
-- Configuring done
-- Generating done
-- Build files have been written to: /home/saikat/rs2-stackbot/build/interaction_execution
[ 50%] [32mBuilding CXX object CMakeFiles/task_manager.dir/src/task_manager.cpp.o[0m
[100%] [32m[1mLinking CXX executable task_manager[0m
[100%] Built target task_manager
-- Install configuration: ""
-- Installing: /home/saikat/rs2-stackbot/install/interaction_execution/lib/interaction_execution/task_manager
-- Set runtime path of "/home/saikat/rs2-stackbot/install/interaction_execution/lib/interaction_execution/task_manager" to ""
-- Up-to-date: /home/saikat/rs2-stackbot/install/interaction_execution/share/ament_index/resource_index/package_run_dependencies/interaction_execution
-- Installing: /home/saikat/rs2-stackbot/install/interaction_execution/share/ament_index/resource_index/parent_prefix_path/interaction_execution
-- Up-to-date: /home/saikat/rs2-stackbot/install/interaction_execution/share/interaction_execution/environment/ament_prefix_path.sh
-- Installing: /home/saikat/rs2-stackbot/install/interaction_execution/share/interaction_execution/environment/ament_prefix_path.dsv
-- Up-to-date: /home/saikat/rs2-stackbot/install/interaction_execution/share/interaction_execution/environment/path.sh
-- Installing: /home/saikat/rs2-stackbot/install/interaction_execution/share/interaction_execution/environment/path.dsv
-- Up-to-date: /home/saikat/rs2-stackbot/install/interaction_execution/share/interaction_execution/local_setup.bash
-- Up-to-date: /home/saikat/rs2-stackbot/install/interaction_execution/share/interaction_execution/local_setup.sh
-- Up-to-date: /home/saikat/rs2-stackbot/install/interaction_execution/share/interaction_execution/local_setup.zsh
-- Installing: /home/saikat/rs2-stackbot/install/interaction_execution/share/interaction_execution/local_setup.dsv
-- Installing: /home/saikat/rs2-stackbot/install/interaction_execution/share/interaction_execution/package.dsv
-- Up-to-date: /home/saikat/rs2-stackbot/install/interaction_execution/share/ament_index/resource_index/packages/interaction_execution
-- Up-to-date: /home/saikat/rs2-stackbot/install/interaction_execution/share/interaction_execution/cmake/interaction_executionConfig.cmake
-- Up-to-date: /home/saikat/rs2-stackbot/install/interaction_execution/share/interaction_execution/cmake/interaction_executionConfig-version.cmake
-- Up-to-date: /home/saikat/rs2-stackbot/install/interaction_execution/share/interaction_execution/package.xml
