[1.399s] DEBUG:colcon:Command line arguments: ['/usr/bin/colcon', 'build', '--packages-select', 'interaction_execution']
[1.399s] DEBUG:colcon:Parsed command line arguments: Namespace(log_base=None, log_level=None, verb_name='build', build_base='build', install_base='install', merge_install=False, symlink_install=False, test_result_base=None, continue_on_error=False, executor='parallel', parallel_workers=2, event_handlers=None, ignore_user_meta=False, metas=['./colcon.meta'], base_paths=['.'], packages_ignore=None, packages_ignore_regex=None, paths=None, packages_up_to=None, packages_up_to_regex=None, packages_above=None, packages_above_and_dependencies=None, packages_above_depth=None, packages_select_by_dep=None, packages_skip_by_dep=None, packages_skip_up_to=None, packages_select_build_failed=False, packages_skip_build_finished=False, packages_select_test_failures=False, packages_skip_test_passed=False, packages_select=['interaction_execution'], packages_skip=None, packages_select_regex=None, packages_skip_regex=None, packages_start=None, packages_end=None, allow_overriding=[], cmake_args=None, cmake_target=None, cmake_target_skip_unavailable=False, cmake_clean_cache=False, cmake_clean_first=False, cmake_force_configure=False, ament_cmake_args=None, catkin_cmake_args=None, catkin_skip_building_tests=False, mixin_files=None, mixin=None, verb_parser=<colcon_mixin.mixin.mixin_argument.MixinArgumentDecorator object at 0x7ddaa6c52d70>, verb_extension=<colcon_core.verb.build.BuildVerb object at 0x7ddaa6d53e20>, main=<bound method BuildVerb.main of <colcon_core.verb.build.BuildVerb object at 0x7ddaa6d53e20>>, mixin_verb=('build',))
[7.659s] Level 1:colcon.colcon_core.package_discovery:discover_packages(colcon_meta) check parameters
[7.659s] Level 1:colcon.colcon_core.package_discovery:discover_packages(recursive) check parameters
[7.659s] Level 1:colcon.colcon_core.package_discovery:discover_packages(ignore) check parameters
[7.659s] Level 1:colcon.colcon_core.package_discovery:discover_packages(path) check parameters
[7.659s] Level 1:colcon.colcon_core.package_discovery:discover_packages(colcon_meta) discover
[7.659s] Level 1:colcon.colcon_core.package_discovery:discover_packages(recursive) discover
[7.659s] INFO:colcon.colcon_core.package_discovery:Crawling recursively for packages in '/home/saikat/rs2-stackbot'
[7.659s] Level 1:colcon.colcon_core.package_identification:_identify(.) by extensions ['ignore', 'ignore_ament_install']
[7.660s] Level 1:colcon.colcon_core.package_identification:_identify(.) by extension 'ignore'
[7.660s] Level 1:colcon.colcon_core.package_identification:_identify(.) by extension 'ignore_ament_install'
[7.660s] Level 1:colcon.colcon_core.package_identification:_identify(.) by extensions ['colcon_pkg']
[7.660s] Level 1:colcon.colcon_core.package_identification:_identify(.) by extension 'colcon_pkg'
[7.660s] Level 1:colcon.colcon_core.package_identification:_identify(.) by extensions ['colcon_meta']
[7.660s] Level 1:colcon.colcon_core.package_identification:_identify(.) by extension 'colcon_meta'
[7.660s] Level 1:colcon.colcon_core.package_identification:_identify(.) by extensions ['ros']
[7.660s] Level 1:colcon.colcon_core.package_identification:_identify(.) by extension 'ros'
[7.676s] Level 1:colcon.colcon_core.package_identification:_identify(.) by extensions ['cmake', 'python']
[7.676s] Level 1:colcon.colcon_core.package_identification:_identify(.) by extension 'cmake'
[7.676s] Level 1:colcon.colcon_core.package_identification:_identify(.) by extension 'python'
[7.676s] Level 1:colcon.colcon_core.package_identification:_identify(.) by extensions ['python_setup_py']
[7.676s] Level 1:colcon.colcon_core.package_identification:_identify(.) by extension 'python_setup_py'
[7.676s] Level 1:colcon.colcon_core.package_identification:_identify(build) by extensions ['ignore', 'ignore_ament_install']
[7.677s] Level 1:colcon.colcon_core.package_identification:_identify(build) by extension 'ignore'
[7.677s] Level 1:colcon.colcon_core.package_identification:_identify(build) ignored
[7.677s] Level 1:colcon.colcon_core.package_identification:_identify(install) by extensions ['ignore', 'ignore_ament_install']
[7.677s] Level 1:colcon.colcon_core.package_identification:_identify(install) by extension 'ignore'
[7.677s] Level 1:colcon.colcon_core.package_identification:_identify(install) ignored
[7.677s] Level 1:colcon.colcon_core.package_identification:_identify(log) by extensions ['ignore', 'ignore_ament_install']
[7.677s] Level 1:colcon.colcon_core.package_identification:_identify(log) by extension 'ignore'
[7.677s] Level 1:colcon.colcon_core.package_identification:_identify(log) ignored
[7.677s] Level 1:colcon.colcon_core.package_identification:_identify(src) by extensions ['ignore', 'ignore_ament_install']
[7.677s] Level 1:colcon.colcon_core.package_identification:_identify(src) by extension 'ignore'
[7.678s] Level 1:colcon.colcon_core.package_identification:_identify(src) by extension 'ignore_ament_install'
[7.678s] Level 1:colcon.colcon_core.package_identification:_identify(src) by extensions ['colcon_pkg']
[7.678s] Level 1:colcon.colcon_core.package_identification:_identify(src) by extension 'colcon_pkg'
[7.678s] Level 1:colcon.colcon_core.package_identification:_identify(src) by extensions ['colcon_meta']
[7.678s] Level 1:colcon.colcon_core.package_identification:_identify(src) by extension 'colcon_meta'
[7.678s] Level 1:colcon.colcon_core.package_identification:_identify(src) by extensions ['ros']
[7.678s] Level 1:colcon.colcon_core.package_identification:_identify(src) by extension 'ros'
[7.678s] Level 1:colcon.colcon_core.package_identification:_identify(src) by extensions ['cmake', 'python']
[7.678s] Level 1:colcon.colcon_core.package_identification:_identify(src) by extension 'cmake'
[7.678s] Level 1:colcon.colcon_core.package_identification:_identify(src) by extension 'python'
[7.678s] Level 1:colcon.colcon_core.package_identification:_identify(src) by extensions ['python_setup_py']
[7.678s] Level 1:colcon.colcon_core.package_identification:_identify(src) by extension 'python_setup_py'
[7.678s] Level 1:colcon.colcon_core.package_identification:_identify(src/interaction_execution) by extensions ['ignore', 'ignore_ament_install']
[7.678s] Level 1:colcon.colcon_core.package_identification:_identify(src/interaction_execution) by extension 'ignore'
[7.679s] Level 1:colcon.colcon_core.package_identification:_identify(src/interaction_execution) by extension 'ignore_ament_install'
[7.679s] Level 1:colcon.colcon_core.package_identification:_identify(src/interaction_execution) by extensions ['colcon_pkg']
[7.679s] Level 1:colcon.colcon_core.package_identification:_identify(src/interaction_execution) by extension 'colcon_pkg'
[7.679s] Level 1:colcon.colcon_core.package_identification:_identify(src/interaction_execution) by extensions ['colcon_meta']
[7.679s] Level 1:colcon.colcon_core.package_identification:_identify(src/interaction_execution) by extension 'colcon_meta'
[7.679s] Level 1:colcon.colcon_core.package_identification:_identify(src/interaction_execution) by extensions ['ros']
[7.679s] Level 1:colcon.colcon_core.package_identification:_identify(src/interaction_execution) by extension 'ros'
[7.679s] Level 1:colcon.colcon_core.package_identification:_identify(src/interaction_execution) by extensions ['cmake', 'python']
[7.679s] Level 1:colcon.colcon_core.package_identification:_identify(src/interaction_execution) by extension 'cmake'
[7.679s] Level 1:colcon.colcon_core.package_identification:_identify(src/interaction_execution) by extension 'python'
[7.679s] Level 1:colcon.colcon_core.package_identification:_identify(src/interaction_execution) by extensions ['python_setup_py']
[7.679s] Level 1:colcon.colcon_core.package_identification:_identify(src/interaction_execution) by extension 'python_setup_py'
[7.679s] Level 1:colcon.colcon_core.package_identification:_identify(src/interaction_execution/config) by extensions ['ignore', 'ignore_ament_install']
[7.680s] Level 1:colcon.colcon_core.package_identification:_identify(src/interaction_execution/config) by extension 'ignore'
[7.680s] Level 1:colcon.colcon_core.package_identification:_identify(src/interaction_execution/config) by extension 'ignore_ament_install'
[7.680s] Level 1:colcon.colcon_core.package_identification:_identify(src/interaction_execution/config) by extensions ['colcon_pkg']
[7.680s] Level 1:colcon.colcon_core.package_identification:_identify(src/interaction_execution/config) by extension 'colcon_pkg'
[7.680s] Level 1:colcon.colcon_core.package_identification:_identify(src/interaction_execution/config) by extensions ['colcon_meta']
[7.680s] Level 1:colcon.colcon_core.package_identification:_identify(src/interaction_execution/config) by extension 'colcon_meta'
[7.680s] Level 1:colcon.colcon_core.package_identification:_identify(src/interaction_execution/config) by extensions ['ros']
[7.680s] Level 1:colcon.colcon_core.package_identification:_identify(src/interaction_execution/config) by extension 'ros'
[7.680s] Level 1:colcon.colcon_core.package_identification:_identify(src/interaction_execution/config) by extensions ['cmake', 'python']
[7.680s] Level 1:colcon.colcon_core.package_identification:_identify(src/interaction_execution/config) by extension 'cmake'
[7.680s] Level 1:colcon.colcon_core.package_identification:_identify(src/interaction_execution/config) by extension 'python'
[7.680s] Level 1:colcon.colcon_core.package_identification:_identify(src/interaction_execution/config) by extensions ['python_setup_py']
[7.680s] Level 1:colcon.colcon_core.package_identification:_identify(src/interaction_execution/config) by extension 'python_setup_py'
[7.681s] Level 1:colcon.colcon_core.package_identification:_identify(src/interaction_execution/docs) by extensions ['ignore', 'ignore_ament_install']
[7.681s] Level 1:colcon.colcon_core.package_identification:_identify(src/interaction_execution/docs) by extension 'ignore'
[7.681s] Level 1:colcon.colcon_core.package_identification:_identify(src/interaction_execution/docs) by extension 'ignore_ament_install'
[7.681s] Level 1:colcon.colcon_core.package_identification:_identify(src/interaction_execution/docs) by extensions ['colcon_pkg']
[7.681s] Level 1:colcon.colcon_core.package_identification:_identify(src/interaction_execution/docs) by extension 'colcon_pkg'
[7.681s] Level 1:colcon.colcon_core.package_identification:_identify(src/interaction_execution/docs) by extensions ['colcon_meta']
[7.681s] Level 1:colcon.colcon_core.package_identification:_identify(src/interaction_execution/docs) by extension 'colcon_meta'
[7.681s] Level 1:colcon.colcon_core.package_identification:_identify(src/interaction_execution/docs) by extensions ['ros']
[7.681s] Level 1:colcon.colcon_core.package_identification:_identify(src/interaction_execution/docs) by extension 'ros'
[7.681s] Level 1:colcon.colcon_core.package_identification:_identify(src/interaction_execution/docs) by extensions ['cmake', 'python']
[7.681s] Level 1:colcon.colcon_core.package_identification:_identify(src/interaction_execution/docs) by extension 'cmake'
[7.681s] Level 1:colcon.colcon_core.package_identification:_identify(src/interaction_execution/docs) by extension 'python'
[7.682s] Level 1:colcon.colcon_core.package_identification:_identify(src/interaction_execution/docs) by extensions ['python_setup_py']
[7.682s] Level 1:colcon.colcon_core.package_identification:_identify(src/interaction_execution/docs) by extension 'python_setup_py'
[7.682s] Level 1:colcon.colcon_core.package_identification:_identify(src/interaction_execution/interaction_execution) by extensions ['ignore', 'ignore_ament_install']
[7.682s] Level 1:colcon.colcon_core.package_identification:_identify(src/interaction_execution/interaction_execution) by extension 'ignore'
[7.682s] Level 1:colcon.colcon_core.package_identification:_identify(src/interaction_execution/interaction_execution) by extension 'ignore_ament_install'
[7.682s] Level 1:colcon.colcon_core.package_identification:_identify(src/interaction_execution/interaction_execution) by extensions ['colcon_pkg']
[7.682s] Level 1:colcon.colcon_core.package_identification:_identify(src/interaction_execution/interaction_execution) by extension 'colcon_pkg'
[7.682s] Level 1:colcon.colcon_core.package_identification:_identify(src/interaction_execution/interaction_execution) by extensions ['colcon_meta']
[7.682s] Level 1:colcon.colcon_core.package_identification:_identify(src/interaction_execution/interaction_execution) by extension 'colcon_meta'
[7.682s] Level 1:colcon.colcon_core.package_identification:_identify(src/interaction_execution/interaction_execution) by extensions ['ros']
[7.682s] Level 1:colcon.colcon_core.package_identification:_identify(src/interaction_execution/interaction_execution) by extension 'ros'
[7.712s] DEBUG:colcon.colcon_core.package_identification:Package 'src/interaction_execution/interaction_execution' with type 'ros.ament_cmake' and name 'interaction_execution'
[7.713s] Level 1:colcon.colcon_core.package_identification:_identify(src/interaction_execution/launch) by extensions ['ignore', 'ignore_ament_install']
[7.713s] Level 1:colcon.colcon_core.package_identification:_identify(src/interaction_execution/launch) by extension 'ignore'
[7.713s] Level 1:colcon.colcon_core.package_identification:_identify(src/interaction_execution/launch) by extension 'ignore_ament_install'
[7.713s] Level 1:colcon.colcon_core.package_identification:_identify(src/interaction_execution/launch) by extensions ['colcon_pkg']
[7.713s] Level 1:colcon.colcon_core.package_identification:_identify(src/interaction_execution/launch) by extension 'colcon_pkg'
[7.713s] Level 1:colcon.colcon_core.package_identification:_identify(src/interaction_execution/launch) by extensions ['colcon_meta']
[7.713s] Level 1:colcon.colcon_core.package_identification:_identify(src/interaction_execution/launch) by extension 'colcon_meta'
[7.713s] Level 1:colcon.colcon_core.package_identification:_identify(src/interaction_execution/launch) by extensions ['ros']
[7.713s] Level 1:colcon.colcon_core.package_identification:_identify(src/interaction_execution/launch) by extension 'ros'
[7.713s] Level 1:colcon.colcon_core.package_identification:_identify(src/interaction_execution/launch) by extensions ['cmake', 'python']
[7.713s] Level 1:colcon.colcon_core.package_identification:_identify(src/interaction_execution/launch) by extension 'cmake'
[7.714s] Level 1:colcon.colcon_core.package_identification:_identify(src/interaction_execution/launch) by extension 'python'
[7.714s] Level 1:colcon.colcon_core.package_identification:_identify(src/interaction_execution/launch) by extensions ['python_setup_py']
[7.714s] Level 1:colcon.colcon_core.package_identification:_identify(src/interaction_execution/launch) by extension 'python_setup_py'
[7.714s] Level 1:colcon.colcon_core.package_identification:_identify(src/interaction_execution/scripts) by extensions ['ignore', 'ignore_ament_install']
[7.714s] Level 1:colcon.colcon_core.package_identification:_identify(src/interaction_execution/scripts) by extension 'ignore'
[7.714s] Level 1:colcon.colcon_core.package_identification:_identify(src/interaction_execution/scripts) by extension 'ignore_ament_install'
[7.714s] Level 1:colcon.colcon_core.package_identification:_identify(src/interaction_execution/scripts) by extensions ['colcon_pkg']
[7.714s] Level 1:colcon.colcon_core.package_identification:_identify(src/interaction_execution/scripts) by extension 'colcon_pkg'
[7.714s] Level 1:colcon.colcon_core.package_identification:_identify(src/interaction_execution/scripts) by extensions ['colcon_meta']
[7.714s] Level 1:colcon.colcon_core.package_identification:_identify(src/interaction_execution/scripts) by extension 'colcon_meta'
[7.714s] Level 1:colcon.colcon_core.package_identification:_identify(src/interaction_execution/scripts) by extensions ['ros']
[7.714s] Level 1:colcon.colcon_core.package_identification:_identify(src/interaction_execution/scripts) by extension 'ros'
[7.714s] Level 1:colcon.colcon_core.package_identification:_identify(src/interaction_execution/scripts) by extensions ['cmake', 'python']
[7.714s] Level 1:colcon.colcon_core.package_identification:_identify(src/interaction_execution/scripts) by extension 'cmake'
[7.715s] Level 1:colcon.colcon_core.package_identification:_identify(src/interaction_execution/scripts) by extension 'python'
[7.715s] Level 1:colcon.colcon_core.package_identification:_identify(src/interaction_execution/scripts) by extensions ['python_setup_py']
[7.715s] Level 1:colcon.colcon_core.package_identification:_identify(src/interaction_execution/scripts) by extension 'python_setup_py'
[7.715s] Level 1:colcon.colcon_core.package_discovery:discover_packages(recursive) using defaults
[7.715s] Level 1:colcon.colcon_core.package_discovery:discover_packages(ignore) discover
[7.715s] Level 1:colcon.colcon_core.package_discovery:discover_packages(ignore) using defaults
[7.715s] Level 1:colcon.colcon_core.package_discovery:discover_packages(path) discover
[7.715s] Level 1:colcon.colcon_core.package_discovery:discover_packages(path) using defaults
[8.147s] Level 1:colcon.colcon_core.package_discovery:discover_packages(prefix_path) check parameters
[8.147s] Level 1:colcon.colcon_core.package_discovery:discover_packages(prefix_path) discover
[8.195s] DEBUG:colcon.colcon_installed_package_information.package_discovery:Found 7 installed packages in /home/saikat/ros2_ws/install
[8.197s] DEBUG:colcon.colcon_installed_package_information.package_discovery:Found 353 installed packages in /opt/ros/humble
[8.200s] Level 1:colcon.colcon_core.package_discovery:discover_packages(prefix_path) using defaults
[8.574s] Level 5:colcon.colcon_core.verb:set package 'interaction_execution' build argument 'cmake_args' from command line to 'None'
[8.574s] Level 5:colcon.colcon_core.verb:set package 'interaction_execution' build argument 'cmake_target' from command line to 'None'
[8.574s] Level 5:colcon.colcon_core.verb:set package 'interaction_execution' build argument 'cmake_target_skip_unavailable' from command line to 'False'
[8.574s] Level 5:colcon.colcon_core.verb:set package 'interaction_execution' build argument 'cmake_clean_cache' from command line to 'False'
[8.574s] Level 5:colcon.colcon_core.verb:set package 'interaction_execution' build argument 'cmake_clean_first' from command line to 'False'
[8.574s] Level 5:colcon.colcon_core.verb:set package 'interaction_execution' build argument 'cmake_force_configure' from command line to 'False'
[8.574s] Level 5:colcon.colcon_core.verb:set package 'interaction_execution' build argument 'ament_cmake_args' from command line to 'None'
[8.574s] Level 5:colcon.colcon_core.verb:set package 'interaction_execution' build argument 'catkin_cmake_args' from command line to 'None'
[8.574s] Level 5:colcon.colcon_core.verb:set package 'interaction_execution' build argument 'catkin_skip_building_tests' from command line to 'False'
[8.574s] DEBUG:colcon.colcon_core.verb:Building package 'interaction_execution' with the following arguments: {'ament_cmake_args': None, 'build_base': '/home/saikat/rs2-stackbot/build/interaction_execution', 'catkin_cmake_args': None, 'catkin_skip_building_tests': False, 'cmake_args': None, 'cmake_clean_cache': False, 'cmake_clean_first': False, 'cmake_force_configure': False, 'cmake_target': None, 'cmake_target_skip_unavailable': False, 'install_base': '/home/saikat/rs2-stackbot/install/interaction_execution', 'merge_install': False, 'path': '/home/saikat/rs2-stackbot/src/interaction_execution/interaction_execution', 'symlink_install': False, 'test_result_base': None}
[8.574s] INFO:colcon.colcon_core.executor:Executing jobs using 'parallel' executor
[8.576s] DEBUG:colcon.colcon_parallel_executor.executor.parallel:run_until_complete
[8.576s] INFO:colcon.colcon_ros.task.ament_cmake.build:Building ROS package in '/home/saikat/rs2-stackbot/src/interaction_execution/interaction_execution' with build type 'ament_cmake'
[8.576s] INFO:colcon.colcon_cmake.task.cmake.build:Building CMake package in '/home/saikat/rs2-stackbot/src/interaction_execution/interaction_execution'
[8.650s] INFO:colcon.colcon_core.plugin_system:Skipping extension 'colcon_core.shell.bat': Not used on non-Windows systems
[8.651s] INFO:colcon.colcon_core.shell:Skip shell extension 'powershell' for command environment: Not usable outside of PowerShell
[8.651s] DEBUG:colcon.colcon_core.shell:Skip shell extension 'dsv' for command environment
[8.670s] DEBUG:colcon.colcon_core.event_handler.log_command:Invoking command in '/home/saikat/rs2-stackbot/build/interaction_execution': CMAKE_PREFIX_PATH=${CMAKE_PREFIX_PATH}:/home/saikat/ros2_ws/install/stackbot_execution:/home/saikat/ros2_ws/install/ss2_motion_planning:/opt/ros/humble /usr/bin/cmake /home/saikat/rs2-stackbot/src/interaction_execution/interaction_execution -DCMAKE_INSTALL_PREFIX=/home/saikat/rs2-stackbot/install/interaction_execution
[17.324s] DEBUG:colcon.colcon_core.event_handler.log_command:Invoked command in '/home/saikat/rs2-stackbot/build/interaction_execution' returned '0': CMAKE_PREFIX_PATH=${CMAKE_PREFIX_PATH}:/home/saikat/ros2_ws/install/stackbot_execution:/home/saikat/ros2_ws/install/ss2_motion_planning:/opt/ros/humble /usr/bin/cmake /home/saikat/rs2-stackbot/src/interaction_execution/interaction_execution -DCMAKE_INSTALL_PREFIX=/home/saikat/rs2-stackbot/install/interaction_execution
[17.324s] DEBUG:colcon.colcon_core.event_handler.log_command:Invoking command in '/home/saikat/rs2-stackbot/build/interaction_execution': CMAKE_PREFIX_PATH=${CMAKE_PREFIX_PATH}:/home/saikat/ros2_ws/install/stackbot_execution:/home/saikat/ros2_ws/install/ss2_motion_planning:/opt/ros/humble /usr/bin/cmake --build /home/saikat/rs2-stackbot/build/interaction_execution -- -j2 -l2
[17.395s] DEBUG:colcon.colcon_core.event_handler.log_command:Invoked command in '/home/saikat/rs2-stackbot/build/interaction_execution' returned '0': CMAKE_PREFIX_PATH=${CMAKE_PREFIX_PATH}:/home/saikat/ros2_ws/install/stackbot_execution:/home/saikat/ros2_ws/install/ss2_motion_planning:/opt/ros/humble /usr/bin/cmake --build /home/saikat/rs2-stackbot/build/interaction_execution -- -j2 -l2
[17.419s] DEBUG:colcon.colcon_core.event_handler.log_command:Invoking command in '/home/saikat/rs2-stackbot/build/interaction_execution': CMAKE_PREFIX_PATH=${CMAKE_PREFIX_PATH}:/home/saikat/ros2_ws/install/stackbot_execution:/home/saikat/ros2_ws/install/ss2_motion_planning:/opt/ros/humble /usr/bin/cmake --install /home/saikat/rs2-stackbot/build/interaction_execution
[17.437s] Level 1:colcon.colcon_core.environment:create_environment_scripts_only(interaction_execution)
[17.438s] DEBUG:colcon.colcon_core.event_handler.log_command:Invoked command in '/home/saikat/rs2-stackbot/build/interaction_execution' returned '0': CMAKE_PREFIX_PATH=${CMAKE_PREFIX_PATH}:/home/saikat/ros2_ws/install/stackbot_execution:/home/saikat/ros2_ws/install/ss2_motion_planning:/opt/ros/humble /usr/bin/cmake --install /home/saikat/rs2-stackbot/build/interaction_execution
[17.514s] Level 1:colcon.colcon_core.environment:checking '/home/saikat/rs2-stackbot/install/interaction_execution' for CMake module files
[17.516s] Level 1:colcon.colcon_core.environment:checking '/home/saikat/rs2-stackbot/install/interaction_execution' for CMake config files
[17.516s] Level 1:colcon.colcon_core.shell:create_environment_hook('interaction_execution', 'cmake_prefix_path')
[17.517s] INFO:colcon.colcon_core.shell:Creating environment hook '/home/saikat/rs2-stackbot/install/interaction_execution/share/interaction_execution/hook/cmake_prefix_path.ps1'
[17.531s] INFO:colcon.colcon_core.shell:Creating environment descriptor '/home/saikat/rs2-stackbot/install/interaction_execution/share/interaction_execution/hook/cmake_prefix_path.dsv'
[17.540s] INFO:colcon.colcon_core.shell:Creating environment hook '/home/saikat/rs2-stackbot/install/interaction_execution/share/interaction_execution/hook/cmake_prefix_path.sh'
[17.542s] Level 1:colcon.colcon_core.environment:checking '/home/saikat/rs2-stackbot/install/interaction_execution/bin'
[17.542s] Level 1:colcon.colcon_core.environment:checking '/home/saikat/rs2-stackbot/install/interaction_execution/lib/pkgconfig/interaction_execution.pc'
[17.543s] Level 1:colcon.colcon_core.environment:checking '/home/saikat/rs2-stackbot/install/interaction_execution/lib/python3.10/site-packages'
[17.543s] Level 1:colcon.colcon_core.environment:checking '/home/saikat/rs2-stackbot/install/interaction_execution/bin'
[17.543s] INFO:colcon.colcon_core.shell:Creating package script '/home/saikat/rs2-stackbot/install/interaction_execution/share/interaction_execution/package.ps1'
[17.546s] INFO:colcon.colcon_core.shell:Creating package descriptor '/home/saikat/rs2-stackbot/install/interaction_execution/share/interaction_execution/package.dsv'
[17.548s] INFO:colcon.colcon_core.shell:Creating package script '/home/saikat/rs2-stackbot/install/interaction_execution/share/interaction_execution/package.sh'
[17.550s] INFO:colcon.colcon_core.shell:Creating package script '/home/saikat/rs2-stackbot/install/interaction_execution/share/interaction_execution/package.bash'
[17.561s] INFO:colcon.colcon_core.shell:Creating package script '/home/saikat/rs2-stackbot/install/interaction_execution/share/interaction_execution/package.zsh'
[17.570s] Level 1:colcon.colcon_core.environment:create_file_with_runtime_dependencies(/home/saikat/rs2-stackbot/install/interaction_execution/share/colcon-core/packages/interaction_execution)
[17.571s] Level 1:colcon.colcon_core.environment:create_environment_scripts_only(interaction_execution)
[17.572s] Level 1:colcon.colcon_core.environment:checking '/home/saikat/rs2-stackbot/install/interaction_execution' for CMake module files
[17.572s] Level 1:colcon.colcon_core.environment:checking '/home/saikat/rs2-stackbot/install/interaction_execution' for CMake config files
[17.573s] Level 1:colcon.colcon_core.shell:create_environment_hook('interaction_execution', 'cmake_prefix_path')
[17.573s] INFO:colcon.colcon_core.shell:Creating environment hook '/home/saikat/rs2-stackbot/install/interaction_execution/share/interaction_execution/hook/cmake_prefix_path.ps1'
[17.574s] INFO:colcon.colcon_core.shell:Creating environment descriptor '/home/saikat/rs2-stackbot/install/interaction_execution/share/interaction_execution/hook/cmake_prefix_path.dsv'
[17.575s] INFO:colcon.colcon_core.shell:Creating environment hook '/home/saikat/rs2-stackbot/install/interaction_execution/share/interaction_execution/hook/cmake_prefix_path.sh'
[17.577s] Level 1:colcon.colcon_core.environment:checking '/home/saikat/rs2-stackbot/install/interaction_execution/bin'
[17.577s] Level 1:colcon.colcon_core.environment:checking '/home/saikat/rs2-stackbot/install/interaction_execution/lib/pkgconfig/interaction_execution.pc'
[17.577s] Level 1:colcon.colcon_core.environment:checking '/home/saikat/rs2-stackbot/install/interaction_execution/lib/python3.10/site-packages'
[17.578s] Level 1:colcon.colcon_core.environment:checking '/home/saikat/rs2-stackbot/install/interaction_execution/bin'
[17.578s] INFO:colcon.colcon_core.shell:Creating package script '/home/saikat/rs2-stackbot/install/interaction_execution/share/interaction_execution/package.ps1'
[17.579s] INFO:colcon.colcon_core.shell:Creating package descriptor '/home/saikat/rs2-stackbot/install/interaction_execution/share/interaction_execution/package.dsv'
[17.580s] INFO:colcon.colcon_core.shell:Creating package script '/home/saikat/rs2-stackbot/install/interaction_execution/share/interaction_execution/package.sh'
[17.582s] INFO:colcon.colcon_core.shell:Creating package script '/home/saikat/rs2-stackbot/install/interaction_execution/share/interaction_execution/package.bash'
[17.583s] INFO:colcon.colcon_core.shell:Creating package script '/home/saikat/rs2-stackbot/install/interaction_execution/share/interaction_execution/package.zsh'
[17.584s] Level 1:colcon.colcon_core.environment:create_file_with_runtime_dependencies(/home/saikat/rs2-stackbot/install/interaction_execution/share/colcon-core/packages/interaction_execution)
[17.587s] DEBUG:colcon.colcon_parallel_executor.executor.parallel:closing loop
[17.587s] DEBUG:colcon.colcon_parallel_executor.executor.parallel:loop closed
[17.587s] DEBUG:colcon.colcon_parallel_executor.executor.parallel:run_until_complete finished with '0'
[17.587s] DEBUG:colcon.colcon_core.event_reactor:joining thread
[17.617s] INFO:colcon.colcon_core.plugin_system:Skipping extension 'colcon_notification.desktop_notification.terminal_notifier': Not used on non-Darwin systems
[17.617s] INFO:colcon.colcon_core.plugin_system:Skipping extension 'colcon_notification.desktop_notification.win32': Not used on non-Windows systems
[17.617s] INFO:colcon.colcon_notification.desktop_notification:Sending desktop notification using 'notify2'
[17.655s] DEBUG:colcon.colcon_core.event_reactor:joined thread
[17.656s] INFO:colcon.colcon_core.shell:Creating prefix script '/home/saikat/rs2-stackbot/install/local_setup.ps1'
[17.659s] INFO:colcon.colcon_core.shell:Creating prefix util module '/home/saikat/rs2-stackbot/install/_local_setup_util_ps1.py'
[17.664s] INFO:colcon.colcon_core.shell:Creating prefix chain script '/home/saikat/rs2-stackbot/install/setup.ps1'
[17.669s] INFO:colcon.colcon_core.shell:Creating prefix script '/home/saikat/rs2-stackbot/install/local_setup.sh'
[17.671s] INFO:colcon.colcon_core.shell:Creating prefix util module '/home/saikat/rs2-stackbot/install/_local_setup_util_sh.py'
[17.672s] INFO:colcon.colcon_core.shell:Creating prefix chain script '/home/saikat/rs2-stackbot/install/setup.sh'
[17.675s] INFO:colcon.colcon_core.shell:Creating prefix script '/home/saikat/rs2-stackbot/install/local_setup.bash'
[17.676s] INFO:colcon.colcon_core.shell:Creating prefix chain script '/home/saikat/rs2-stackbot/install/setup.bash'
[17.679s] INFO:colcon.colcon_core.shell:Creating prefix script '/home/saikat/rs2-stackbot/install/local_setup.zsh'
[17.682s] INFO:colcon.colcon_core.shell:Creating prefix chain script '/home/saikat/rs2-stackbot/install/setup.zsh'
