[0.027s] Invoking command in '/home/saikat/rs2-stackbot/build/interaction_execution': CMAKE_PREFIX_PATH=${CMAKE_PREFIX_PATH}:/home/saikat/ros2_ws/install/stackbot_execution:/home/saikat/ros2_ws/install/ss2_motion_planning:/opt/ros/humble /usr/bin/cmake --build /home/saikat/rs2-stackbot/build/interaction_execution -- -j2 -l2
[0.074s] -- Found ament_cmake: 1.3.14 (/opt/ros/humble/share/ament_cmake/cmake)
[0.292s] -- Found rclcpp: 16.0.19 (/opt/ros/humble/share/rclcpp/cmake)
[0.335s] -- Found rosidl_generator_c: 3.1.8 (/opt/ros/humble/share/rosidl_generator_c/cmake)
[0.343s] -- Found rosidl_adapter: 3.1.8 (/opt/ros/humble/share/rosidl_adapter/cmake)
[0.352s] -- Found rosidl_generator_cpp: 3.1.8 (/opt/ros/humble/share/rosidl_generator_cpp/cmake)
[0.368s] -- Using all available rosidl_typesupport_c: rosidl_typesupport_fastrtps_c;rosidl_typesupport_introspection_c
[0.386s] -- Using all available rosidl_typesupport_cpp: rosidl_typesupport_fastrtps_cpp;rosidl_typesupport_introspection_cpp
[0.440s] -- Found rmw_implementation_cmake: 6.1.2 (/opt/ros/humble/share/rmw_implementation_cmake/cmake)
[0.442s] -- Found rmw_fastrtps_cpp: 6.2.10 (/opt/ros/humble/share/rmw_fastrtps_cpp/cmake)
[0.592s] -- Using RMW implementation 'rmw_fastrtps_cpp' as default
[0.667s] -- Found geometry_msgs: 4.9.1 (/opt/ros/humble/share/geometry_msgs/cmake)
[0.685s] -- Found ament_lint_auto: 0.12.15 (/opt/ros/humble/share/ament_lint_auto/cmake)
[0.806s] -- Added test 'cppcheck' to perform static code analysis on C / C++ code
[0.807s] -- Configured cppcheck include dirs: 
[0.807s] -- Configured cppcheck exclude dirs and/or files: 
[0.807s] -- Added test 'flake8' to check Python code syntax and style conventions
[0.807s] -- Added test 'lint_cmake' to check CMake code style
[0.807s] -- Added test 'pep257' to check Python code against some of the docstring style conventions in PEP 257
[0.809s] -- Added test 'uncrustify' to check C / C++ code style
[0.809s] -- Configured uncrustify additional arguments: 
[0.809s] -- Added test 'xmllint' to check XML markup files
[0.811s] -- Configuring done
[0.829s] -- Generating done
[0.837s] -- Build files have been written to: /home/saikat/rs2-stackbot/build/interaction_execution
[0.884s] [35m[1mConsolidate compiler generated dependencies of target task_manager[0m
[0.915s] [100%] Built target task_manager
[0.935s] Invoked command in '/home/saikat/rs2-stackbot/build/interaction_execution' returned '0': CMAKE_PREFIX_PATH=${CMAKE_PREFIX_PATH}:/home/saikat/ros2_ws/install/stackbot_execution:/home/saikat/ros2_ws/install/ss2_motion_planning:/opt/ros/humble /usr/bin/cmake --build /home/saikat/rs2-stackbot/build/interaction_execution -- -j2 -l2
[0.955s] Invoking command in '/home/saikat/rs2-stackbot/build/interaction_execution': CMAKE_PREFIX_PATH=${CMAKE_PREFIX_PATH}:/home/saikat/ros2_ws/install/stackbot_execution:/home/saikat/ros2_ws/install/ss2_motion_planning:/opt/ros/humble /usr/bin/cmake --install /home/saikat/rs2-stackbot/build/interaction_execution
[0.967s] -- Install configuration: ""
[0.969s] -- Up-to-date: /home/saikat/rs2-stackbot/install/interaction_execution/lib/interaction_execution/task_manager
[0.970s] -- Installing: /home/saikat/rs2-stackbot/install/interaction_execution/share/interaction_execution/launch
[0.970s] -- Installing: /home/saikat/rs2-stackbot/install/interaction_execution/share/interaction_execution/launch/task_manager.launch.py
[0.971s] -- Up-to-date: /home/saikat/rs2-stackbot/install/interaction_execution/share/ament_index/resource_index/package_run_dependencies/interaction_execution
[0.971s] -- Up-to-date: /home/saikat/rs2-stackbot/install/interaction_execution/share/ament_index/resource_index/parent_prefix_path/interaction_execution
[0.971s] -- Up-to-date: /home/saikat/rs2-stackbot/install/interaction_execution/share/interaction_execution/environment/ament_prefix_path.sh
[0.971s] -- Installing: /home/saikat/rs2-stackbot/install/interaction_execution/share/interaction_execution/environment/ament_prefix_path.dsv
[0.971s] -- Up-to-date: /home/saikat/rs2-stackbot/install/interaction_execution/share/interaction_execution/environment/path.sh
[0.972s] -- Installing: /home/saikat/rs2-stackbot/install/interaction_execution/share/interaction_execution/environment/path.dsv
[0.972s] -- Up-to-date: /home/saikat/rs2-stackbot/install/interaction_execution/share/interaction_execution/local_setup.bash
[0.972s] -- Up-to-date: /home/saikat/rs2-stackbot/install/interaction_execution/share/interaction_execution/local_setup.sh
[0.973s] -- Up-to-date: /home/saikat/rs2-stackbot/install/interaction_execution/share/interaction_execution/local_setup.zsh
[0.973s] -- Installing: /home/saikat/rs2-stackbot/install/interaction_execution/share/interaction_execution/local_setup.dsv
[0.973s] -- Installing: /home/saikat/rs2-stackbot/install/interaction_execution/share/interaction_execution/package.dsv
[0.974s] -- Up-to-date: /home/saikat/rs2-stackbot/install/interaction_execution/share/ament_index/resource_index/packages/interaction_execution
[0.974s] -- Up-to-date: /home/saikat/rs2-stackbot/install/interaction_execution/share/interaction_execution/cmake/interaction_executionConfig.cmake
[0.974s] -- Up-to-date: /home/saikat/rs2-stackbot/install/interaction_execution/share/interaction_execution/cmake/interaction_executionConfig-version.cmake
[0.974s] -- Up-to-date: /home/saikat/rs2-stackbot/install/interaction_execution/share/interaction_execution/package.xml
[0.978s] Invoked command in '/home/saikat/rs2-stackbot/build/interaction_execution' returned '0': CMAKE_PREFIX_PATH=${CMAKE_PREFIX_PATH}:/home/saikat/ros2_ws/install/stackbot_execution:/home/saikat/ros2_ws/install/ss2_motion_planning:/opt/ros/humble /usr/bin/cmake --install /home/saikat/rs2-stackbot/build/interaction_execution
