[0.173s] DEBUG:colcon:Command line arguments: ['/usr/bin/colcon', 'build', '--packages-select', 'interaction_execution']
[0.174s] DEBUG:colcon:Parsed command line arguments: Namespace(log_base=None, log_level=None, verb_name='build', build_base='build', install_base='install', merge_install=False, symlink_install=False, test_result_base=None, continue_on_error=False, executor='parallel', parallel_workers=2, event_handlers=None, ignore_user_meta=False, metas=['./colcon.meta'], base_paths=['.'], packages_ignore=None, packages_ignore_regex=None, paths=None, packages_up_to=None, packages_up_to_regex=None, packages_above=None, packages_above_and_dependencies=None, packages_above_depth=None, packages_select_by_dep=None, packages_skip_by_dep=None, packages_skip_up_to=None, packages_select_build_failed=False, packages_skip_build_finished=False, packages_select_test_failures=False, packages_skip_test_passed=False, packages_select=['interaction_execution'], packages_skip=None, packages_select_regex=None, packages_skip_regex=None, packages_start=None, packages_end=None, allow_overriding=[], cmake_args=None, cmake_target=None, cmake_target_skip_unavailable=False, cmake_clean_cache=False, cmake_clean_first=False, cmake_force_configure=False, ament_cmake_args=None, catkin_cmake_args=None, catkin_skip_building_tests=False, mixin_files=None, mixin=None, verb_parser=<colcon_mixin.mixin.mixin_argument.MixinArgumentDecorator object at 0x732169316d70>, verb_extension=<colcon_core.verb.build.BuildVerb object at 0x73216940fe20>, main=<bound method BuildVerb.main of <colcon_core.verb.build.BuildVerb object at 0x73216940fe20>>, mixin_verb=('build',))
[0.431s] Level 1:colcon.colcon_core.package_discovery:discover_packages(colcon_meta) check parameters
[0.432s] Level 1:colcon.colcon_core.package_discovery:discover_packages(recursive) check parameters
[0.432s] Level 1:colcon.colcon_core.package_discovery:discover_packages(ignore) check parameters
[0.432s] Level 1:colcon.colcon_core.package_discovery:discover_packages(path) check parameters
[0.432s] Level 1:colcon.colcon_core.package_discovery:discover_packages(colcon_meta) discover
[0.432s] Level 1:colcon.colcon_core.package_discovery:discover_packages(recursive) discover
[0.432s] INFO:colcon.colcon_core.package_discovery:Crawling recursively for packages in '/home/saikat/rs2-stackbot'
[0.432s] Level 1:colcon.colcon_core.package_identification:_identify(.) by extensions ['ignore', 'ignore_ament_install']
[0.432s] Level 1:colcon.colcon_core.package_identification:_identify(.) by extension 'ignore'
[0.432s] Level 1:colcon.colcon_core.package_identification:_identify(.) by extension 'ignore_ament_install'
[0.432s] Level 1:colcon.colcon_core.package_identification:_identify(.) by extensions ['colcon_pkg']
[0.432s] Level 1:colcon.colcon_core.package_identification:_identify(.) by extension 'colcon_pkg'
[0.432s] Level 1:colcon.colcon_core.package_identification:_identify(.) by extensions ['colcon_meta']
[0.433s] Level 1:colcon.colcon_core.package_identification:_identify(.) by extension 'colcon_meta'
[0.433s] Level 1:colcon.colcon_core.package_identification:_identify(.) by extensions ['ros']
[0.433s] Level 1:colcon.colcon_core.package_identification:_identify(.) by extension 'ros'
[0.448s] Level 1:colcon.colcon_core.package_identification:_identify(.) by extensions ['cmake', 'python']
[0.448s] Level 1:colcon.colcon_core.package_identification:_identify(.) by extension 'cmake'
[0.448s] Level 1:colcon.colcon_core.package_identification:_identify(.) by extension 'python'
[0.448s] Level 1:colcon.colcon_core.package_identification:_identify(.) by extensions ['python_setup_py']
[0.448s] Level 1:colcon.colcon_core.package_identification:_identify(.) by extension 'python_setup_py'
[0.448s] Level 1:colcon.colcon_core.package_identification:_identify(build) by extensions ['ignore', 'ignore_ament_install']
[0.449s] Level 1:colcon.colcon_core.package_identification:_identify(build) by extension 'ignore'
[0.449s] Level 1:colcon.colcon_core.package_identification:_identify(build) ignored
[0.449s] Level 1:colcon.colcon_core.package_identification:_identify(install) by extensions ['ignore', 'ignore_ament_install']
[0.449s] Level 1:colcon.colcon_core.package_identification:_identify(install) by extension 'ignore'
[0.449s] Level 1:colcon.colcon_core.package_identification:_identify(install) ignored
[0.449s] Level 1:colcon.colcon_core.package_identification:_identify(log) by extensions ['ignore', 'ignore_ament_install']
[0.449s] Level 1:colcon.colcon_core.package_identification:_identify(log) by extension 'ignore'
[0.449s] Level 1:colcon.colcon_core.package_identification:_identify(log) ignored
[0.449s] Level 1:colcon.colcon_core.package_identification:_identify(src) by extensions ['ignore', 'ignore_ament_install']
[0.449s] Level 1:colcon.colcon_core.package_identification:_identify(src) by extension 'ignore'
[0.450s] Level 1:colcon.colcon_core.package_identification:_identify(src) by extension 'ignore_ament_install'
[0.450s] Level 1:colcon.colcon_core.package_identification:_identify(src) by extensions ['colcon_pkg']
[0.450s] Level 1:colcon.colcon_core.package_identification:_identify(src) by extension 'colcon_pkg'
[0.450s] Level 1:colcon.colcon_core.package_identification:_identify(src) by extensions ['colcon_meta']
[0.450s] Level 1:colcon.colcon_core.package_identification:_identify(src) by extension 'colcon_meta'
[0.450s] Level 1:colcon.colcon_core.package_identification:_identify(src) by extensions ['ros']
[0.450s] Level 1:colcon.colcon_core.package_identification:_identify(src) by extension 'ros'
[0.450s] Level 1:colcon.colcon_core.package_identification:_identify(src) by extensions ['cmake', 'python']
[0.450s] Level 1:colcon.colcon_core.package_identification:_identify(src) by extension 'cmake'
[0.450s] Level 1:colcon.colcon_core.package_identification:_identify(src) by extension 'python'
[0.450s] Level 1:colcon.colcon_core.package_identification:_identify(src) by extensions ['python_setup_py']
[0.450s] Level 1:colcon.colcon_core.package_identification:_identify(src) by extension 'python_setup_py'
[0.450s] Level 1:colcon.colcon_core.package_identification:_identify(src/interaction_execution) by extensions ['ignore', 'ignore_ament_install']
[0.450s] Level 1:colcon.colcon_core.package_identification:_identify(src/interaction_execution) by extension 'ignore'
[0.450s] Level 1:colcon.colcon_core.package_identification:_identify(src/interaction_execution) by extension 'ignore_ament_install'
[0.451s] Level 1:colcon.colcon_core.package_identification:_identify(src/interaction_execution) by extensions ['colcon_pkg']
[0.451s] Level 1:colcon.colcon_core.package_identification:_identify(src/interaction_execution) by extension 'colcon_pkg'
[0.451s] Level 1:colcon.colcon_core.package_identification:_identify(src/interaction_execution) by extensions ['colcon_meta']
[0.451s] Level 1:colcon.colcon_core.package_identification:_identify(src/interaction_execution) by extension 'colcon_meta'
[0.451s] Level 1:colcon.colcon_core.package_identification:_identify(src/interaction_execution) by extensions ['ros']
[0.451s] Level 1:colcon.colcon_core.package_identification:_identify(src/interaction_execution) by extension 'ros'
[0.451s] Level 1:colcon.colcon_core.package_identification:_identify(src/interaction_execution) by extensions ['cmake', 'python']
[0.451s] Level 1:colcon.colcon_core.package_identification:_identify(src/interaction_execution) by extension 'cmake'
[0.451s] Level 1:colcon.colcon_core.package_identification:_identify(src/interaction_execution) by extension 'python'
[0.451s] Level 1:colcon.colcon_core.package_identification:_identify(src/interaction_execution) by extensions ['python_setup_py']
[0.451s] Level 1:colcon.colcon_core.package_identification:_identify(src/interaction_execution) by extension 'python_setup_py'
[0.451s] Level 1:colcon.colcon_core.package_identification:_identify(src/interaction_execution/config) by extensions ['ignore', 'ignore_ament_install']
[0.451s] Level 1:colcon.colcon_core.package_identification:_identify(src/interaction_execution/config) by extension 'ignore'
[0.451s] Level 1:colcon.colcon_core.package_identification:_identify(src/interaction_execution/config) by extension 'ignore_ament_install'
[0.452s] Level 1:colcon.colcon_core.package_identification:_identify(src/interaction_execution/config) by extensions ['colcon_pkg']
[0.452s] Level 1:colcon.colcon_core.package_identification:_identify(src/interaction_execution/config) by extension 'colcon_pkg'
[0.452s] Level 1:colcon.colcon_core.package_identification:_identify(src/interaction_execution/config) by extensions ['colcon_meta']
[0.452s] Level 1:colcon.colcon_core.package_identification:_identify(src/interaction_execution/config) by extension 'colcon_meta'
[0.452s] Level 1:colcon.colcon_core.package_identification:_identify(src/interaction_execution/config) by extensions ['ros']
[0.452s] Level 1:colcon.colcon_core.package_identification:_identify(src/interaction_execution/config) by extension 'ros'
[0.452s] Level 1:colcon.colcon_core.package_identification:_identify(src/interaction_execution/config) by extensions ['cmake', 'python']
[0.452s] Level 1:colcon.colcon_core.package_identification:_identify(src/interaction_execution/config) by extension 'cmake'
[0.452s] Level 1:colcon.colcon_core.package_identification:_identify(src/interaction_execution/config) by extension 'python'
[0.452s] Level 1:colcon.colcon_core.package_identification:_identify(src/interaction_execution/config) by extensions ['python_setup_py']
[0.452s] Level 1:colcon.colcon_core.package_identification:_identify(src/interaction_execution/config) by extension 'python_setup_py'
[0.452s] Level 1:colcon.colcon_core.package_identification:_identify(src/interaction_execution/docs) by extensions ['ignore', 'ignore_ament_install']
[0.452s] Level 1:colcon.colcon_core.package_identification:_identify(src/interaction_execution/docs) by extension 'ignore'
[0.452s] Level 1:colcon.colcon_core.package_identification:_identify(src/interaction_execution/docs) by extension 'ignore_ament_install'
[0.452s] Level 1:colcon.colcon_core.package_identification:_identify(src/interaction_execution/docs) by extensions ['colcon_pkg']
[0.453s] Level 1:colcon.colcon_core.package_identification:_identify(src/interaction_execution/docs) by extension 'colcon_pkg'
[0.453s] Level 1:colcon.colcon_core.package_identification:_identify(src/interaction_execution/docs) by extensions ['colcon_meta']
[0.453s] Level 1:colcon.colcon_core.package_identification:_identify(src/interaction_execution/docs) by extension 'colcon_meta'
[0.453s] Level 1:colcon.colcon_core.package_identification:_identify(src/interaction_execution/docs) by extensions ['ros']
[0.453s] Level 1:colcon.colcon_core.package_identification:_identify(src/interaction_execution/docs) by extension 'ros'
[0.453s] Level 1:colcon.colcon_core.package_identification:_identify(src/interaction_execution/docs) by extensions ['cmake', 'python']
[0.453s] Level 1:colcon.colcon_core.package_identification:_identify(src/interaction_execution/docs) by extension 'cmake'
[0.453s] Level 1:colcon.colcon_core.package_identification:_identify(src/interaction_execution/docs) by extension 'python'
[0.453s] Level 1:colcon.colcon_core.package_identification:_identify(src/interaction_execution/docs) by extensions ['python_setup_py']
[0.453s] Level 1:colcon.colcon_core.package_identification:_identify(src/interaction_execution/docs) by extension 'python_setup_py'
[0.453s] Level 1:colcon.colcon_core.package_identification:_identify(src/interaction_execution/interaction_execution) by extensions ['ignore', 'ignore_ament_install']
[0.453s] Level 1:colcon.colcon_core.package_identification:_identify(src/interaction_execution/interaction_execution) by extension 'ignore'
[0.453s] Level 1:colcon.colcon_core.package_identification:_identify(src/interaction_execution/interaction_execution) by extension 'ignore_ament_install'
[0.453s] Level 1:colcon.colcon_core.package_identification:_identify(src/interaction_execution/interaction_execution) by extensions ['colcon_pkg']
[0.453s] Level 1:colcon.colcon_core.package_identification:_identify(src/interaction_execution/interaction_execution) by extension 'colcon_pkg'
[0.454s] Level 1:colcon.colcon_core.package_identification:_identify(src/interaction_execution/interaction_execution) by extensions ['colcon_meta']
[0.454s] Level 1:colcon.colcon_core.package_identification:_identify(src/interaction_execution/interaction_execution) by extension 'colcon_meta'
[0.454s] Level 1:colcon.colcon_core.package_identification:_identify(src/interaction_execution/interaction_execution) by extensions ['ros']
[0.454s] Level 1:colcon.colcon_core.package_identification:_identify(src/interaction_execution/interaction_execution) by extension 'ros'
[0.457s] DEBUG:colcon.colcon_core.package_identification:Package 'src/interaction_execution/interaction_execution' with type 'ros.ament_cmake' and name 'interaction_execution'
[0.457s] Level 1:colcon.colcon_core.package_identification:_identify(src/interaction_execution/launch) by extensions ['ignore', 'ignore_ament_install']
[0.458s] Level 1:colcon.colcon_core.package_identification:_identify(src/interaction_execution/launch) by extension 'ignore'
[0.458s] Level 1:colcon.colcon_core.package_identification:_identify(src/interaction_execution/launch) by extension 'ignore_ament_install'
[0.458s] Level 1:colcon.colcon_core.package_identification:_identify(src/interaction_execution/launch) by extensions ['colcon_pkg']
[0.458s] Level 1:colcon.colcon_core.package_identification:_identify(src/interaction_execution/launch) by extension 'colcon_pkg'
[0.458s] Level 1:colcon.colcon_core.package_identification:_identify(src/interaction_execution/launch) by extensions ['colcon_meta']
[0.458s] Level 1:colcon.colcon_core.package_identification:_identify(src/interaction_execution/launch) by extension 'colcon_meta'
[0.458s] Level 1:colcon.colcon_core.package_identification:_identify(src/interaction_execution/launch) by extensions ['ros']
[0.458s] Level 1:colcon.colcon_core.package_identification:_identify(src/interaction_execution/launch) by extension 'ros'
[0.458s] Level 1:colcon.colcon_core.package_identification:_identify(src/interaction_execution/launch) by extensions ['cmake', 'python']
[0.458s] Level 1:colcon.colcon_core.package_identification:_identify(src/interaction_execution/launch) by extension 'cmake'
[0.459s] Level 1:colcon.colcon_core.package_identification:_identify(src/interaction_execution/launch) by extension 'python'
[0.459s] Level 1:colcon.colcon_core.package_identification:_identify(src/interaction_execution/launch) by extensions ['python_setup_py']
[0.459s] Level 1:colcon.colcon_core.package_identification:_identify(src/interaction_execution/launch) by extension 'python_setup_py'
[0.459s] Level 1:colcon.colcon_core.package_identification:_identify(src/interaction_execution/scripts) by extensions ['ignore', 'ignore_ament_install']
[0.459s] Level 1:colcon.colcon_core.package_identification:_identify(src/interaction_execution/scripts) by extension 'ignore'
[0.459s] Level 1:colcon.colcon_core.package_identification:_identify(src/interaction_execution/scripts) by extension 'ignore_ament_install'
[0.459s] Level 1:colcon.colcon_core.package_identification:_identify(src/interaction_execution/scripts) by extensions ['colcon_pkg']
[0.459s] Level 1:colcon.colcon_core.package_identification:_identify(src/interaction_execution/scripts) by extension 'colcon_pkg'
[0.459s] Level 1:colcon.colcon_core.package_identification:_identify(src/interaction_execution/scripts) by extensions ['colcon_meta']
[0.459s] Level 1:colcon.colcon_core.package_identification:_identify(src/interaction_execution/scripts) by extension 'colcon_meta'
[0.459s] Level 1:colcon.colcon_core.package_identification:_identify(src/interaction_execution/scripts) by extensions ['ros']
[0.459s] Level 1:colcon.colcon_core.package_identification:_identify(src/interaction_execution/scripts) by extension 'ros'
[0.459s] Level 1:colcon.colcon_core.package_identification:_identify(src/interaction_execution/scripts) by extensions ['cmake', 'python']
[0.459s] Level 1:colcon.colcon_core.package_identification:_identify(src/interaction_execution/scripts) by extension 'cmake'
[0.459s] Level 1:colcon.colcon_core.package_identification:_identify(src/interaction_execution/scripts) by extension 'python'
[0.460s] Level 1:colcon.colcon_core.package_identification:_identify(src/interaction_execution/scripts) by extensions ['python_setup_py']
[0.460s] Level 1:colcon.colcon_core.package_identification:_identify(src/interaction_execution/scripts) by extension 'python_setup_py'
[0.460s] Level 1:colcon.colcon_core.package_discovery:discover_packages(recursive) using defaults
[0.460s] Level 1:colcon.colcon_core.package_discovery:discover_packages(ignore) discover
[0.460s] Level 1:colcon.colcon_core.package_discovery:discover_packages(ignore) using defaults
[0.460s] Level 1:colcon.colcon_core.package_discovery:discover_packages(path) discover
[0.460s] Level 1:colcon.colcon_core.package_discovery:discover_packages(path) using defaults
[0.512s] Level 1:colcon.colcon_core.package_discovery:discover_packages(prefix_path) check parameters
[0.512s] Level 1:colcon.colcon_core.package_discovery:discover_packages(prefix_path) discover
[0.515s] DEBUG:colcon.colcon_installed_package_information.package_discovery:Found 1 installed packages in /home/saikat/rs2-stackbot/install
[0.516s] DEBUG:colcon.colcon_installed_package_information.package_discovery:Found 7 installed packages in /home/saikat/ros2_ws/install
[0.518s] DEBUG:colcon.colcon_installed_package_information.package_discovery:Found 353 installed packages in /opt/ros/humble
[0.520s] Level 1:colcon.colcon_core.package_discovery:discover_packages(prefix_path) using defaults
[0.594s] Level 5:colcon.colcon_core.verb:set package 'interaction_execution' build argument 'cmake_args' from command line to 'None'
[0.594s] Level 5:colcon.colcon_core.verb:set package 'interaction_execution' build argument 'cmake_target' from command line to 'None'
[0.594s] Level 5:colcon.colcon_core.verb:set package 'interaction_execution' build argument 'cmake_target_skip_unavailable' from command line to 'False'
[0.594s] Level 5:colcon.colcon_core.verb:set package 'interaction_execution' build argument 'cmake_clean_cache' from command line to 'False'
[0.594s] Level 5:colcon.colcon_core.verb:set package 'interaction_execution' build argument 'cmake_clean_first' from command line to 'False'
[0.594s] Level 5:colcon.colcon_core.verb:set package 'interaction_execution' build argument 'cmake_force_configure' from command line to 'False'
[0.594s] Level 5:colcon.colcon_core.verb:set package 'interaction_execution' build argument 'ament_cmake_args' from command line to 'None'
[0.594s] Level 5:colcon.colcon_core.verb:set package 'interaction_execution' build argument 'catkin_cmake_args' from command line to 'None'
[0.594s] Level 5:colcon.colcon_core.verb:set package 'interaction_execution' build argument 'catkin_skip_building_tests' from command line to 'False'
[0.594s] DEBUG:colcon.colcon_core.verb:Building package 'interaction_execution' with the following arguments: {'ament_cmake_args': None, 'build_base': '/home/saikat/rs2-stackbot/build/interaction_execution', 'catkin_cmake_args': None, 'catkin_skip_building_tests': False, 'cmake_args': None, 'cmake_clean_cache': False, 'cmake_clean_first': False, 'cmake_force_configure': False, 'cmake_target': None, 'cmake_target_skip_unavailable': False, 'install_base': '/home/saikat/rs2-stackbot/install/interaction_execution', 'merge_install': False, 'path': '/home/saikat/rs2-stackbot/src/interaction_execution/interaction_execution', 'symlink_install': False, 'test_result_base': None}
[0.595s] INFO:colcon.colcon_core.executor:Executing jobs using 'parallel' executor
[0.596s] DEBUG:colcon.colcon_parallel_executor.executor.parallel:run_until_complete
[0.597s] INFO:colcon.colcon_ros.task.ament_cmake.build:Building ROS package in '/home/saikat/rs2-stackbot/src/interaction_execution/interaction_execution' with build type 'ament_cmake'
[0.597s] INFO:colcon.colcon_cmake.task.cmake.build:Building CMake package in '/home/saikat/rs2-stackbot/src/interaction_execution/interaction_execution'
[0.601s] INFO:colcon.colcon_core.plugin_system:Skipping extension 'colcon_core.shell.bat': Not used on non-Windows systems
[0.602s] INFO:colcon.colcon_core.shell:Skip shell extension 'powershell' for command environment: Not usable outside of PowerShell
[0.602s] DEBUG:colcon.colcon_core.shell:Skip shell extension 'dsv' for command environment
[0.630s] DEBUG:colcon.colcon_core.event_handler.log_command:Invoking command in '/home/saikat/rs2-stackbot/build/interaction_execution': CMAKE_PREFIX_PATH=${CMAKE_PREFIX_PATH}:/home/saikat/ros2_ws/install/stackbot_execution:/home/saikat/ros2_ws/install/ss2_motion_planning:/opt/ros/humble /usr/bin/cmake --build /home/saikat/rs2-stackbot/build/interaction_execution -- -j2 -l2
[14.751s] DEBUG:colcon.colcon_core.event_handler.log_command:Invoked command in '/home/saikat/rs2-stackbot/build/interaction_execution' returned '0': CMAKE_PREFIX_PATH=${CMAKE_PREFIX_PATH}:/home/saikat/ros2_ws/install/stackbot_execution:/home/saikat/ros2_ws/install/ss2_motion_planning:/opt/ros/humble /usr/bin/cmake --build /home/saikat/rs2-stackbot/build/interaction_execution -- -j2 -l2
[14.769s] DEBUG:colcon.colcon_core.event_handler.log_command:Invoking command in '/home/saikat/rs2-stackbot/build/interaction_execution': CMAKE_PREFIX_PATH=${CMAKE_PREFIX_PATH}:/home/saikat/ros2_ws/install/stackbot_execution:/home/saikat/ros2_ws/install/ss2_motion_planning:/opt/ros/humble /usr/bin/cmake --install /home/saikat/rs2-stackbot/build/interaction_execution
[14.790s] Level 1:colcon.colcon_core.environment:create_environment_scripts_only(interaction_execution)
[14.792s] DEBUG:colcon.colcon_core.event_handler.log_command:Invoked command in '/home/saikat/rs2-stackbot/build/interaction_execution' returned '0': CMAKE_PREFIX_PATH=${CMAKE_PREFIX_PATH}:/home/saikat/ros2_ws/install/stackbot_execution:/home/saikat/ros2_ws/install/ss2_motion_planning:/opt/ros/humble /usr/bin/cmake --install /home/saikat/rs2-stackbot/build/interaction_execution
[14.795s] Level 1:colcon.colcon_core.environment:checking '/home/saikat/rs2-stackbot/install/interaction_execution' for CMake module files
[14.796s] Level 1:colcon.colcon_core.environment:checking '/home/saikat/rs2-stackbot/install/interaction_execution' for CMake config files
[14.796s] Level 1:colcon.colcon_core.shell:create_environment_hook('interaction_execution', 'cmake_prefix_path')
[14.797s] INFO:colcon.colcon_core.shell:Creating environment hook '/home/saikat/rs2-stackbot/install/interaction_execution/share/interaction_execution/hook/cmake_prefix_path.ps1'
[14.799s] INFO:colcon.colcon_core.shell:Creating environment descriptor '/home/saikat/rs2-stackbot/install/interaction_execution/share/interaction_execution/hook/cmake_prefix_path.dsv'
[14.801s] INFO:colcon.colcon_core.shell:Creating environment hook '/home/saikat/rs2-stackbot/install/interaction_execution/share/interaction_execution/hook/cmake_prefix_path.sh'
[14.803s] Level 1:colcon.colcon_core.environment:checking '/home/saikat/rs2-stackbot/install/interaction_execution/lib'
[14.804s] Level 1:colcon.colcon_core.environment:checking '/home/saikat/rs2-stackbot/install/interaction_execution/bin'
[14.804s] Level 1:colcon.colcon_core.environment:checking '/home/saikat/rs2-stackbot/install/interaction_execution/lib/pkgconfig/interaction_execution.pc'
[14.804s] Level 1:colcon.colcon_core.environment:checking '/home/saikat/rs2-stackbot/install/interaction_execution/lib/python3.10/site-packages'
[14.805s] Level 1:colcon.colcon_core.environment:checking '/home/saikat/rs2-stackbot/install/interaction_execution/bin'
[14.806s] INFO:colcon.colcon_core.shell:Creating package script '/home/saikat/rs2-stackbot/install/interaction_execution/share/interaction_execution/package.ps1'
[14.808s] INFO:colcon.colcon_core.shell:Creating package descriptor '/home/saikat/rs2-stackbot/install/interaction_execution/share/interaction_execution/package.dsv'
[14.810s] INFO:colcon.colcon_core.shell:Creating package script '/home/saikat/rs2-stackbot/install/interaction_execution/share/interaction_execution/package.sh'
[14.811s] INFO:colcon.colcon_core.shell:Creating package script '/home/saikat/rs2-stackbot/install/interaction_execution/share/interaction_execution/package.bash'
[14.812s] INFO:colcon.colcon_core.shell:Creating package script '/home/saikat/rs2-stackbot/install/interaction_execution/share/interaction_execution/package.zsh'
[14.814s] Level 1:colcon.colcon_core.environment:create_file_with_runtime_dependencies(/home/saikat/rs2-stackbot/install/interaction_execution/share/colcon-core/packages/interaction_execution)
[14.815s] Level 1:colcon.colcon_core.environment:create_environment_scripts_only(interaction_execution)
[14.815s] Level 1:colcon.colcon_core.environment:checking '/home/saikat/rs2-stackbot/install/interaction_execution' for CMake module files
[14.816s] Level 1:colcon.colcon_core.environment:checking '/home/saikat/rs2-stackbot/install/interaction_execution' for CMake config files
[14.816s] Level 1:colcon.colcon_core.shell:create_environment_hook('interaction_execution', 'cmake_prefix_path')
[14.817s] INFO:colcon.colcon_core.shell:Creating environment hook '/home/saikat/rs2-stackbot/install/interaction_execution/share/interaction_execution/hook/cmake_prefix_path.ps1'
[14.818s] INFO:colcon.colcon_core.shell:Creating environment descriptor '/home/saikat/rs2-stackbot/install/interaction_execution/share/interaction_execution/hook/cmake_prefix_path.dsv'
[14.818s] INFO:colcon.colcon_core.shell:Creating environment hook '/home/saikat/rs2-stackbot/install/interaction_execution/share/interaction_execution/hook/cmake_prefix_path.sh'
[14.820s] Level 1:colcon.colcon_core.environment:checking '/home/saikat/rs2-stackbot/install/interaction_execution/lib'
[14.820s] Level 1:colcon.colcon_core.environment:checking '/home/saikat/rs2-stackbot/install/interaction_execution/bin'
[14.820s] Level 1:colcon.colcon_core.environment:checking '/home/saikat/rs2-stackbot/install/interaction_execution/lib/pkgconfig/interaction_execution.pc'
[14.820s] Level 1:colcon.colcon_core.environment:checking '/home/saikat/rs2-stackbot/install/interaction_execution/lib/python3.10/site-packages'
[14.821s] Level 1:colcon.colcon_core.environment:checking '/home/saikat/rs2-stackbot/install/interaction_execution/bin'
[14.821s] INFO:colcon.colcon_core.shell:Creating package script '/home/saikat/rs2-stackbot/install/interaction_execution/share/interaction_execution/package.ps1'
[14.822s] INFO:colcon.colcon_core.shell:Creating package descriptor '/home/saikat/rs2-stackbot/install/interaction_execution/share/interaction_execution/package.dsv'
[14.823s] INFO:colcon.colcon_core.shell:Creating package script '/home/saikat/rs2-stackbot/install/interaction_execution/share/interaction_execution/package.sh'
[14.825s] INFO:colcon.colcon_core.shell:Creating package script '/home/saikat/rs2-stackbot/install/interaction_execution/share/interaction_execution/package.bash'
[14.826s] INFO:colcon.colcon_core.shell:Creating package script '/home/saikat/rs2-stackbot/install/interaction_execution/share/interaction_execution/package.zsh'
[14.827s] Level 1:colcon.colcon_core.environment:create_file_with_runtime_dependencies(/home/saikat/rs2-stackbot/install/interaction_execution/share/colcon-core/packages/interaction_execution)
[14.828s] DEBUG:colcon.colcon_parallel_executor.executor.parallel:closing loop
[14.828s] DEBUG:colcon.colcon_parallel_executor.executor.parallel:loop closed
[14.828s] DEBUG:colcon.colcon_parallel_executor.executor.parallel:run_until_complete finished with '0'
[14.828s] DEBUG:colcon.colcon_core.event_reactor:joining thread
[14.837s] INFO:colcon.colcon_core.plugin_system:Skipping extension 'colcon_notification.desktop_notification.terminal_notifier': Not used on non-Darwin systems
[14.837s] INFO:colcon.colcon_core.plugin_system:Skipping extension 'colcon_notification.desktop_notification.win32': Not used on non-Windows systems
[14.837s] INFO:colcon.colcon_notification.desktop_notification:Sending desktop notification using 'notify2'
[14.865s] DEBUG:colcon.colcon_core.event_reactor:joined thread
[14.865s] INFO:colcon.colcon_core.shell:Creating prefix script '/home/saikat/rs2-stackbot/install/local_setup.ps1'
[14.867s] INFO:colcon.colcon_core.shell:Creating prefix util module '/home/saikat/rs2-stackbot/install/_local_setup_util_ps1.py'
[14.869s] INFO:colcon.colcon_core.shell:Creating prefix chain script '/home/saikat/rs2-stackbot/install/setup.ps1'
[14.875s] INFO:colcon.colcon_core.shell:Creating prefix script '/home/saikat/rs2-stackbot/install/local_setup.sh'
[14.876s] INFO:colcon.colcon_core.shell:Creating prefix util module '/home/saikat/rs2-stackbot/install/_local_setup_util_sh.py'
[14.877s] INFO:colcon.colcon_core.shell:Creating prefix chain script '/home/saikat/rs2-stackbot/install/setup.sh'
[14.880s] INFO:colcon.colcon_core.shell:Creating prefix script '/home/saikat/rs2-stackbot/install/local_setup.bash'
[14.881s] INFO:colcon.colcon_core.shell:Creating prefix chain script '/home/saikat/rs2-stackbot/install/setup.bash'
[14.883s] INFO:colcon.colcon_core.shell:Creating prefix script '/home/saikat/rs2-stackbot/install/local_setup.zsh'
[14.884s] INFO:colcon.colcon_core.shell:Creating prefix chain script '/home/saikat/rs2-stackbot/install/setup.zsh'
